[INFO][2016-07-31 16:22:44,139][org.springframework.context.support.ClassPathXmlApplicationContext]Refreshing org.springframework.context.support.ClassPathXmlApplicationContext@583e0ebb: startup date [Sun Jul 31 16:22:44 CST 2016]; root of context hierarchy
[INFO][2016-07-31 16:22:44,212][org.springframework.beans.factory.xml.XmlBeanDefinitionReader]Loading XML bean definitions from class path resource [applicationContext.xml]
[INFO][2016-07-31 16:22:44,383][org.springframework.context.annotation.ClassPathBeanDefinitionScanner]JSR-250 'javax.annotation.ManagedBean' found and supported for component scanning
[INFO][2016-07-31 16:22:44,386][org.springframework.context.annotation.ClassPathBeanDefinitionScanner]JSR-330 'javax.inject.Named' annotation found and supported for component scanning
[INFO][2016-07-31 16:22:44,516][org.springframework.beans.factory.config.PropertyPlaceholderConfigurer]Loading properties file from class path resource [config.properties]
[INFO][2016-07-31 16:22:44,520][org.springframework.beans.factory.annotation.AutowiredAnnotationBeanPostProcessor]JSR-330 'javax.inject.Inject' annotation found and supported for autowiring
[INFO][2016-07-31 16:22:44,534][org.springframework.beans.factory.support.DefaultListableBeanFactory]Pre-instantiating singletons in org.springframework.beans.factory.support.DefaultListableBeanFactory@59c208b0: defining beans [org.springframework.beans.factory.config.PropertyPlaceholderConfigurer#0,userService,org.springframework.context.annotation.internalConfigurationAnnotationProcessor,org.springframework.context.annotation.internalAutowiredAnnotationProcessor,org.springframework.context.annotation.internalRequiredAnnotationProcessor,org.springframework.context.annotation.internalCommonAnnotationProcessor,org.springframework.context.annotation.ConfigurationClassPostProcessor$ImportAwareBeanPostProcessor#0]; root of factory hierarchy
[INFO][2016-07-31 16:24:15,542][org.springframework.context.support.ClassPathXmlApplicationContext]Refreshing org.springframework.context.support.ClassPathXmlApplicationContext@199836ed: startup date [Sun Jul 31 16:24:15 CST 2016]; root of context hierarchy
[INFO][2016-07-31 16:24:15,609][org.springframework.beans.factory.xml.XmlBeanDefinitionReader]Loading XML bean definitions from class path resource [applicationContext.xml]
[INFO][2016-07-31 16:24:15,768][org.springframework.context.annotation.ClassPathBeanDefinitionScanner]JSR-250 'javax.annotation.ManagedBean' found and supported for component scanning
[INFO][2016-07-31 16:24:15,771][org.springframework.context.annotation.ClassPathBeanDefinitionScanner]JSR-330 'javax.inject.Named' annotation found and supported for component scanning
[INFO][2016-07-31 16:24:15,864][org.springframework.beans.factory.config.PropertyPlaceholderConfigurer]Loading properties file from class path resource [config.properties]
[INFO][2016-07-31 16:24:15,871][org.springframework.beans.factory.annotation.AutowiredAnnotationBeanPostProcessor]JSR-330 'javax.inject.Inject' annotation found and supported for autowiring
[INFO][2016-07-31 16:24:15,887][org.springframework.beans.factory.support.DefaultListableBeanFactory]Pre-instantiating singletons in org.springframework.beans.factory.support.DefaultListableBeanFactory@bdee400: defining beans [org.springframework.beans.factory.config.PropertyPlaceholderConfigurer#0,org.springframework.context.annotation.internalConfigurationAnnotationProcessor,org.springframework.context.annotation.internalAutowiredAnnotationProcessor,org.springframework.context.annotation.internalRequiredAnnotationProcessor,org.springframework.context.annotation.internalCommonAnnotationProcessor,org.springframework.context.annotation.ConfigurationClassPostProcessor$ImportAwareBeanPostProcessor#0]; root of factory hierarchy
[INFO][2016-07-31 16:24:42,355][org.springframework.context.support.ClassPathXmlApplicationContext]Refreshing org.springframework.context.support.ClassPathXmlApplicationContext@199836ed: startup date [Sun Jul 31 16:24:42 CST 2016]; root of context hierarchy
[INFO][2016-07-31 16:24:42,412][org.springframework.beans.factory.xml.XmlBeanDefinitionReader]Loading XML bean definitions from class path resource [applicationContext.xml]
[INFO][2016-07-31 16:24:42,623][org.springframework.context.annotation.ClassPathBeanDefinitionScanner]JSR-250 'javax.annotation.ManagedBean' found and supported for component scanning
[INFO][2016-07-31 16:24:42,625][org.springframework.context.annotation.ClassPathBeanDefinitionScanner]JSR-330 'javax.inject.Named' annotation found and supported for component scanning
[INFO][2016-07-31 16:24:42,748][org.springframework.beans.factory.config.PropertyPlaceholderConfigurer]Loading properties file from class path resource [config.properties]
[INFO][2016-07-31 16:24:42,751][org.springframework.beans.factory.annotation.AutowiredAnnotationBeanPostProcessor]JSR-330 'javax.inject.Inject' annotation found and supported for autowiring
[INFO][2016-07-31 16:24:42,762][org.springframework.beans.factory.support.DefaultListableBeanFactory]Pre-instantiating singletons in org.springframework.beans.factory.support.DefaultListableBeanFactory@4816ef71: defining beans [org.springframework.beans.factory.config.PropertyPlaceholderConfigurer#0,userService,org.springframework.context.annotation.internalConfigurationAnnotationProcessor,org.springframework.context.annotation.internalAutowiredAnnotationProcessor,org.springframework.context.annotation.internalRequiredAnnotationProcessor,org.springframework.context.annotation.internalCommonAnnotationProcessor,org.springframework.context.annotation.ConfigurationClassPostProcessor$ImportAwareBeanPostProcessor#0]; root of factory hierarchy
[INFO][2016-07-31 16:25:01,747][org.springframework.context.support.ClassPathXmlApplicationContext]Refreshing org.springframework.context.support.ClassPathXmlApplicationContext@5239443f: startup date [Sun Jul 31 16:25:01 CST 2016]; root of context hierarchy
[INFO][2016-07-31 16:25:01,810][org.springframework.beans.factory.xml.XmlBeanDefinitionReader]Loading XML bean definitions from class path resource [applicationContext.xml]
[INFO][2016-07-31 16:25:02,017][org.springframework.beans.factory.config.PropertyPlaceholderConfigurer]Loading properties file from class path resource [config.properties]
[INFO][2016-07-31 16:25:02,023][org.springframework.beans.factory.support.DefaultListableBeanFactory]Pre-instantiating singletons in org.springframework.beans.factory.support.DefaultListableBeanFactory@d4dd758: defining beans [org.springframework.beans.factory.config.PropertyPlaceholderConfigurer#0]; root of factory hierarchy
[INFO][2016-07-31 16:25:14,562][org.springframework.context.support.ClassPathXmlApplicationContext]Refreshing org.springframework.context.support.ClassPathXmlApplicationContext@583e0ebb: startup date [Sun Jul 31 16:25:14 CST 2016]; root of context hierarchy
[INFO][2016-07-31 16:25:14,639][org.springframework.beans.factory.xml.XmlBeanDefinitionReader]Loading XML bean definitions from class path resource [applicationContext.xml]
[INFO][2016-07-31 16:25:14,824][org.springframework.context.annotation.ClassPathBeanDefinitionScanner]JSR-250 'javax.annotation.ManagedBean' found and supported for component scanning
[INFO][2016-07-31 16:25:14,827][org.springframework.context.annotation.ClassPathBeanDefinitionScanner]JSR-330 'javax.inject.Named' annotation found and supported for component scanning
[INFO][2016-07-31 16:25:14,957][org.springframework.beans.factory.config.PropertyPlaceholderConfigurer]Loading properties file from class path resource [config.properties]
[INFO][2016-07-31 16:25:14,961][org.springframework.beans.factory.annotation.AutowiredAnnotationBeanPostProcessor]JSR-330 'javax.inject.Inject' annotation found and supported for autowiring
[INFO][2016-07-31 16:25:14,972][org.springframework.beans.factory.support.DefaultListableBeanFactory]Pre-instantiating singletons in org.springframework.beans.factory.support.DefaultListableBeanFactory@51c888d9: defining beans [org.springframework.beans.factory.config.PropertyPlaceholderConfigurer#0,userService,org.springframework.context.annotation.internalConfigurationAnnotationProcessor,org.springframework.context.annotation.internalAutowiredAnnotationProcessor,org.springframework.context.annotation.internalRequiredAnnotationProcessor,org.springframework.context.annotation.internalCommonAnnotationProcessor,org.springframework.context.annotation.ConfigurationClassPostProcessor$ImportAwareBeanPostProcessor#0]; root of factory hierarchy
[INFO][2016-07-31 18:16:06,463][org.springframework.context.support.ClassPathXmlApplicationContext]Refreshing org.springframework.context.support.ClassPathXmlApplicationContext@8f0c85e: startup date [Sun Jul 31 18:16:06 CST 2016]; root of context hierarchy
[INFO][2016-07-31 18:16:06,523][org.springframework.beans.factory.xml.XmlBeanDefinitionReader]Loading XML bean definitions from class path resource [applicationContext.xml]
[INFO][2016-07-31 18:16:06,690][org.springframework.context.annotation.ClassPathBeanDefinitionScanner]JSR-250 'javax.annotation.ManagedBean' found and supported for component scanning
[INFO][2016-07-31 18:16:06,795][org.springframework.beans.factory.config.PropertyPlaceholderConfigurer]Loading properties file from class path resource [config.properties]
[INFO][2016-07-31 18:16:06,809][org.springframework.beans.factory.support.DefaultListableBeanFactory]Pre-instantiating singletons in org.springframework.beans.factory.support.DefaultListableBeanFactory@45e67e6a: defining beans [org.springframework.beans.factory.config.PropertyPlaceholderConfigurer#0,userService,org.springframework.context.annotation.internalConfigurationAnnotationProcessor,org.springframework.context.annotation.internalAutowiredAnnotationProcessor,org.springframework.context.annotation.internalRequiredAnnotationProcessor,org.springframework.context.annotation.internalCommonAnnotationProcessor,org.springframework.context.annotation.ConfigurationClassPostProcessor$ImportAwareBeanPostProcessor#0]; root of factory hierarchy
[INFO][2016-08-06 16:28:14,959][org.springframework.context.support.ClassPathXmlApplicationContext]Refreshing org.springframework.context.support.ClassPathXmlApplicationContext@6e431d9d: startup date [Sat Aug 06 16:28:14 CST 2016]; root of context hierarchy
[INFO][2016-08-06 16:28:15,045][org.springframework.beans.factory.xml.XmlBeanDefinitionReader]Loading XML bean definitions from class path resource [applicationContext.xml]
[INFO][2016-08-06 16:28:15,443][org.springframework.beans.factory.config.PropertyPlaceholderConfigurer]Loading properties file from class path resource [config.properties]
[INFO][2016-08-06 16:28:15,462][org.springframework.beans.factory.support.DefaultListableBeanFactory]Pre-instantiating singletons in org.springframework.beans.factory.support.DefaultListableBeanFactory@25f4cf3c: defining beans [org.springframework.beans.factory.config.PropertyPlaceholderConfigurer#0,userService,org.springframework.context.annotation.internalConfigurationAnnotationProcessor,org.springframework.context.annotation.internalAutowiredAnnotationProcessor,org.springframework.context.annotation.internalRequiredAnnotationProcessor,org.springframework.context.annotation.internalCommonAnnotationProcessor,org.springframework.context.annotation.ConfigurationClassPostProcessor.importAwareProcessor]; root of factory hierarchy
[INFO][2016-08-06 17:30:48,722][org.springframework.context.support.ClassPathXmlApplicationContext]Refreshing org.springframework.context.support.ClassPathXmlApplicationContext@6e431d9d: startup date [Sat Aug 06 17:30:48 CST 2016]; root of context hierarchy
[INFO][2016-08-06 17:30:48,800][org.springframework.beans.factory.xml.XmlBeanDefinitionReader]Loading XML bean definitions from class path resource [applicationContext.xml]
[INFO][2016-08-06 17:30:49,088][org.springframework.beans.factory.config.PropertyPlaceholderConfigurer]Loading properties file from class path resource [config.properties]
[INFO][2016-08-06 17:30:49,100][org.springframework.beans.factory.support.DefaultListableBeanFactory]Pre-instantiating singletons in org.springframework.beans.factory.support.DefaultListableBeanFactory@25f4cf3c: defining beans [org.springframework.beans.factory.config.PropertyPlaceholderConfigurer#0,userService,org.springframework.context.annotation.internalConfigurationAnnotationProcessor,org.springframework.context.annotation.internalAutowiredAnnotationProcessor,org.springframework.context.annotation.internalRequiredAnnotationProcessor,org.springframework.context.annotation.internalCommonAnnotationProcessor,org.springframework.context.annotation.ConfigurationClassPostProcessor.importAwareProcessor]; root of factory hierarchy
[INFO][2016-08-07 15:44:56,583][org.springframework.context.support.ClassPathXmlApplicationContext]Refreshing org.springframework.context.support.ClassPathXmlApplicationContext@6e431d9d: startup date [Sun Aug 07 15:44:56 CST 2016]; root of context hierarchy
[INFO][2016-08-07 15:44:56,655][org.springframework.beans.factory.xml.XmlBeanDefinitionReader]Loading XML bean definitions from class path resource [applicationContext.xml]
[INFO][2016-08-07 15:44:56,990][org.springframework.beans.factory.config.PropertyPlaceholderConfigurer]Loading properties file from class path resource [config.properties]
[INFO][2016-08-07 15:44:57,005][org.springframework.beans.factory.support.DefaultListableBeanFactory]Pre-instantiating singletons in org.springframework.beans.factory.support.DefaultListableBeanFactory@25f4cf3c: defining beans [org.springframework.beans.factory.config.PropertyPlaceholderConfigurer#0,userService,org.springframework.context.annotation.internalConfigurationAnnotationProcessor,org.springframework.context.annotation.internalAutowiredAnnotationProcessor,org.springframework.context.annotation.internalRequiredAnnotationProcessor,org.springframework.context.annotation.internalCommonAnnotationProcessor,org.springframework.context.annotation.ConfigurationClassPostProcessor.importAwareProcessor]; root of factory hierarchy
[INFO][2016-08-07 20:18:58,628][org.springframework.context.support.ClassPathXmlApplicationContext]Refreshing org.springframework.context.support.ClassPathXmlApplicationContext@47aed201: startup date [Sun Aug 07 20:18:58 CST 2016]; root of context hierarchy
[INFO][2016-08-07 20:18:58,712][org.springframework.beans.factory.xml.XmlBeanDefinitionReader]Loading XML bean definitions from class path resource [spring.xml]
[INFO][2016-08-07 20:18:58,988][org.springframework.beans.factory.xml.XmlBeanDefinitionReader]Loading XML bean definitions from class path resource [spring-hibernate.xml]
[INFO][2016-08-07 20:18:59,270][org.springframework.beans.factory.config.PropertyPlaceholderConfigurer]Loading properties file from class path resource [config.properties]
[INFO][2016-08-07 20:18:59,329][org.springframework.beans.factory.support.DefaultListableBeanFactory]Pre-instantiating singletons in org.springframework.beans.factory.support.DefaultListableBeanFactory@17d59c5b: defining beans [org.springframework.beans.factory.config.PropertyPlaceholderConfigurer#0,userDao,userService,org.springframework.context.annotation.internalConfigurationAnnotationProcessor,org.springframework.context.annotation.internalAutowiredAnnotationProcessor,org.springframework.context.annotation.internalRequiredAnnotationProcessor,org.springframework.context.annotation.internalCommonAnnotationProcessor,org.springframework.context.annotation.internalPersistenceAnnotationProcessor,dataSource,sessionFactory,transactionManager,transactionAdvice,org.springframework.aop.config.internalAutoProxyCreator,transactionPointcut,org.springframework.aop.support.DefaultBeanFactoryPointcutAdvisor#0,org.springframework.context.annotation.ConfigurationClassPostProcessor.importAwareProcessor]; root of factory hierarchy
[ERROR][2016-08-07 20:18:59,470][com.alibaba.druid.pool.DruidAbstractDataSource]maxIdle is deprecated
[ERROR][2016-08-07 20:18:59,538][com.alibaba.druid.pool.DruidDataSource]dataSource init error
java.sql.SQLException: com.mysql.jdbc.Driver
	at com.alibaba.druid.util.JdbcUtils.createDriver(JdbcUtils.java:510)
	at com.alibaba.druid.pool.DruidDataSource.init(DruidDataSource.java:563)
	at sun.reflect.NativeMethodAccessorImpl.invoke0(Native Method)
	at sun.reflect.NativeMethodAccessorImpl.invoke(NativeMethodAccessorImpl.java:57)
	at sun.reflect.DelegatingMethodAccessorImpl.invoke(DelegatingMethodAccessorImpl.java:43)
	at java.lang.reflect.Method.invoke(Method.java:601)
	at org.springframework.beans.factory.support.AbstractAutowireCapableBeanFactory.invokeCustomInitMethod(AbstractAutowireCapableBeanFactory.java:1640)
	at org.springframework.beans.factory.support.AbstractAutowireCapableBeanFactory.invokeInitMethods(AbstractAutowireCapableBeanFactory.java:1581)
	at org.springframework.beans.factory.support.AbstractAutowireCapableBeanFactory.initializeBean(AbstractAutowireCapableBeanFactory.java:1511)
	at org.springframework.beans.factory.support.AbstractAutowireCapableBeanFactory.doCreateBean(AbstractAutowireCapableBeanFactory.java:521)
	at org.springframework.beans.factory.support.AbstractAutowireCapableBeanFactory.createBean(AbstractAutowireCapableBeanFactory.java:458)
	at org.springframework.beans.factory.support.AbstractBeanFactory$1.getObject(AbstractBeanFactory.java:293)
	at org.springframework.beans.factory.support.DefaultSingletonBeanRegistry.getSingleton(DefaultSingletonBeanRegistry.java:223)
	at org.springframework.beans.factory.support.AbstractBeanFactory.doGetBean(AbstractBeanFactory.java:290)
	at org.springframework.beans.factory.support.AbstractBeanFactory.getBean(AbstractBeanFactory.java:191)
	at org.springframework.beans.factory.support.BeanDefinitionValueResolver.resolveReference(BeanDefinitionValueResolver.java:328)
	at org.springframework.beans.factory.support.BeanDefinitionValueResolver.resolveValueIfNecessary(BeanDefinitionValueResolver.java:108)
	at org.springframework.beans.factory.support.AbstractAutowireCapableBeanFactory.applyPropertyValues(AbstractAutowireCapableBeanFactory.java:1419)
	at org.springframework.beans.factory.support.AbstractAutowireCapableBeanFactory.populateBean(AbstractAutowireCapableBeanFactory.java:1160)
	at org.springframework.beans.factory.support.AbstractAutowireCapableBeanFactory.doCreateBean(AbstractAutowireCapableBeanFactory.java:519)
	at org.springframework.beans.factory.support.AbstractAutowireCapableBeanFactory.createBean(AbstractAutowireCapableBeanFactory.java:458)
	at org.springframework.beans.factory.support.AbstractBeanFactory$1.getObject(AbstractBeanFactory.java:293)
	at org.springframework.beans.factory.support.DefaultSingletonBeanRegistry.getSingleton(DefaultSingletonBeanRegistry.java:223)
	at org.springframework.beans.factory.support.AbstractBeanFactory.doGetBean(AbstractBeanFactory.java:290)
	at org.springframework.beans.factory.support.AbstractBeanFactory.getBean(AbstractBeanFactory.java:191)
	at org.springframework.beans.factory.support.DefaultListableBeanFactory.findAutowireCandidates(DefaultListableBeanFactory.java:921)
	at org.springframework.beans.factory.support.DefaultListableBeanFactory.doResolveDependency(DefaultListableBeanFactory.java:864)
	at org.springframework.beans.factory.support.DefaultListableBeanFactory.resolveDependency(DefaultListableBeanFactory.java:779)
	at org.springframework.beans.factory.annotation.AutowiredAnnotationBeanPostProcessor$AutowiredMethodElement.inject(AutowiredAnnotationBeanPostProcessor.java:575)
	at org.springframework.beans.factory.annotation.InjectionMetadata.inject(InjectionMetadata.java:88)
	at org.springframework.beans.factory.annotation.AutowiredAnnotationBeanPostProcessor.postProcessPropertyValues(AutowiredAnnotationBeanPostProcessor.java:295)
	at org.springframework.beans.factory.support.AbstractAutowireCapableBeanFactory.populateBean(AbstractAutowireCapableBeanFactory.java:1148)
	at org.springframework.beans.factory.support.AbstractAutowireCapableBeanFactory.doCreateBean(AbstractAutowireCapableBeanFactory.java:519)
	at org.springframework.beans.factory.support.AbstractAutowireCapableBeanFactory.createBean(AbstractAutowireCapableBeanFactory.java:458)
	at org.springframework.beans.factory.support.AbstractBeanFactory$1.getObject(AbstractBeanFactory.java:293)
	at org.springframework.beans.factory.support.DefaultSingletonBeanRegistry.getSingleton(DefaultSingletonBeanRegistry.java:223)
	at org.springframework.beans.factory.support.AbstractBeanFactory.doGetBean(AbstractBeanFactory.java:290)
	at org.springframework.beans.factory.support.AbstractBeanFactory.getBean(AbstractBeanFactory.java:191)
	at org.springframework.beans.factory.support.DefaultListableBeanFactory.preInstantiateSingletons(DefaultListableBeanFactory.java:636)
	at org.springframework.context.support.AbstractApplicationContext.finishBeanFactoryInitialization(AbstractApplicationContext.java:938)
	at org.springframework.context.support.AbstractApplicationContext.refresh(AbstractApplicationContext.java:479)
	at org.springframework.context.support.ClassPathXmlApplicationContext.<init>(ClassPathXmlApplicationContext.java:139)
	at org.springframework.context.support.ClassPathXmlApplicationContext.<init>(ClassPathXmlApplicationContext.java:93)
	at sy.test.TestHibernate.test(TestHibernate.java:17)
	at sun.reflect.NativeMethodAccessorImpl.invoke0(Native Method)
	at sun.reflect.NativeMethodAccessorImpl.invoke(NativeMethodAccessorImpl.java:57)
	at sun.reflect.DelegatingMethodAccessorImpl.invoke(DelegatingMethodAccessorImpl.java:43)
	at java.lang.reflect.Method.invoke(Method.java:601)
	at org.junit.runners.model.FrameworkMethod$1.runReflectiveCall(FrameworkMethod.java:44)
	at org.junit.internal.runners.model.ReflectiveCallable.run(ReflectiveCallable.java:15)
	at org.junit.runners.model.FrameworkMethod.invokeExplosively(FrameworkMethod.java:41)
	at org.junit.internal.runners.statements.InvokeMethod.evaluate(InvokeMethod.java:20)
	at org.junit.runners.BlockJUnit4ClassRunner.runNotIgnored(BlockJUnit4ClassRunner.java:79)
	at org.junit.runners.BlockJUnit4ClassRunner.runChild(BlockJUnit4ClassRunner.java:71)
	at org.junit.runners.BlockJUnit4ClassRunner.runChild(BlockJUnit4ClassRunner.java:49)
	at org.junit.runners.ParentRunner$3.run(ParentRunner.java:193)
	at org.junit.runners.ParentRunner$1.schedule(ParentRunner.java:52)
	at org.junit.runners.ParentRunner.runChildren(ParentRunner.java:191)
	at org.junit.runners.ParentRunner.access$000(ParentRunner.java:42)
	at org.junit.runners.ParentRunner$2.evaluate(ParentRunner.java:184)
	at org.junit.runners.ParentRunner.run(ParentRunner.java:236)
	at org.eclipse.jdt.internal.junit4.runner.JUnit4TestReference.run(JUnit4TestReference.java:50)
	at org.eclipse.jdt.internal.junit.runner.TestExecution.run(TestExecution.java:38)
	at org.eclipse.jdt.internal.junit.runner.RemoteTestRunner.runTests(RemoteTestRunner.java:467)
	at org.eclipse.jdt.internal.junit.runner.RemoteTestRunner.runTests(RemoteTestRunner.java:683)
	at org.eclipse.jdt.internal.junit.runner.RemoteTestRunner.run(RemoteTestRunner.java:390)
	at org.eclipse.jdt.internal.junit.runner.RemoteTestRunner.main(RemoteTestRunner.java:197)
Caused by: java.lang.ClassNotFoundException: com.mysql.jdbc.Driver
	at java.net.URLClassLoader$1.run(URLClassLoader.java:366)
	at java.net.URLClassLoader$1.run(URLClassLoader.java:355)
	at java.security.AccessController.doPrivileged(Native Method)
	at java.net.URLClassLoader.findClass(URLClassLoader.java:354)
	at java.lang.ClassLoader.loadClass(ClassLoader.java:423)
	at sun.misc.Launcher$AppClassLoader.loadClass(Launcher.java:308)
	at java.lang.ClassLoader.loadClass(ClassLoader.java:356)
	at java.lang.Class.forName0(Native Method)
	at java.lang.Class.forName(Class.java:188)
	at com.alibaba.druid.util.JdbcUtils.createDriver(JdbcUtils.java:508)
	... 66 more
[INFO][2016-08-07 20:18:59,546][com.alibaba.druid.pool.DruidDataSource]{dataSource-1} inited
[WARN][2016-08-07 20:18:59,549][org.springframework.context.support.ClassPathXmlApplicationContext]Exception encountered during context initialization - cancelling refresh attempt: org.springframework.beans.factory.BeanCreationException: Error creating bean with name 'userDao': Injection of autowired dependencies failed; nested exception is org.springframework.beans.factory.BeanCreationException: Could not autowire method: public void sy.dao.impl.UserDaoImpl.setSessionFactory(org.hibernate.SessionFactory); nested exception is org.springframework.beans.factory.BeanCreationException: Error creating bean with name 'sessionFactory' defined in class path resource [spring-hibernate.xml]: Cannot resolve reference to bean 'dataSource' while setting bean property 'dataSource'; nested exception is org.springframework.beans.factory.BeanCreationException: Error creating bean with name 'dataSource' defined in class path resource [spring-hibernate.xml]: Invocation of init method failed; nested exception is java.sql.SQLException: com.mysql.jdbc.Driver
[INFO][2016-08-07 20:18:59,550][org.springframework.beans.factory.support.DefaultListableBeanFactory]Destroying singletons in org.springframework.beans.factory.support.DefaultListableBeanFactory@17d59c5b: defining beans [org.springframework.beans.factory.config.PropertyPlaceholderConfigurer#0,userDao,userService,org.springframework.context.annotation.internalConfigurationAnnotationProcessor,org.springframework.context.annotation.internalAutowiredAnnotationProcessor,org.springframework.context.annotation.internalRequiredAnnotationProcessor,org.springframework.context.annotation.internalCommonAnnotationProcessor,org.springframework.context.annotation.internalPersistenceAnnotationProcessor,dataSource,sessionFactory,transactionManager,transactionAdvice,org.springframework.aop.config.internalAutoProxyCreator,transactionPointcut,org.springframework.aop.support.DefaultBeanFactoryPointcutAdvisor#0,org.springframework.context.annotation.ConfigurationClassPostProcessor.importAwareProcessor]; root of factory hierarchy
[INFO][2016-08-07 20:30:03,915][org.springframework.context.support.ClassPathXmlApplicationContext]Refreshing org.springframework.context.support.ClassPathXmlApplicationContext@3d6bc07a: startup date [Sun Aug 07 20:30:03 CST 2016]; root of context hierarchy
[INFO][2016-08-07 20:30:04,004][org.springframework.beans.factory.xml.XmlBeanDefinitionReader]Loading XML bean definitions from class path resource [spring.xml]
[INFO][2016-08-07 20:30:04,287][org.springframework.beans.factory.xml.XmlBeanDefinitionReader]Loading XML bean definitions from class path resource [spring-hibernate.xml]
[INFO][2016-08-07 20:30:04,556][org.springframework.beans.factory.config.PropertyPlaceholderConfigurer]Loading properties file from class path resource [config.properties]
[INFO][2016-08-07 20:30:04,610][org.springframework.beans.factory.support.DefaultListableBeanFactory]Pre-instantiating singletons in org.springframework.beans.factory.support.DefaultListableBeanFactory@3cb96751: defining beans [org.springframework.beans.factory.config.PropertyPlaceholderConfigurer#0,userDao,userService,org.springframework.context.annotation.internalConfigurationAnnotationProcessor,org.springframework.context.annotation.internalAutowiredAnnotationProcessor,org.springframework.context.annotation.internalRequiredAnnotationProcessor,org.springframework.context.annotation.internalCommonAnnotationProcessor,org.springframework.context.annotation.internalPersistenceAnnotationProcessor,dataSource,sessionFactory,transactionManager,transactionAdvice,org.springframework.aop.config.internalAutoProxyCreator,transactionPointcut,org.springframework.aop.support.DefaultBeanFactoryPointcutAdvisor#0,org.springframework.context.annotation.ConfigurationClassPostProcessor.importAwareProcessor]; root of factory hierarchy
[ERROR][2016-08-07 20:30:04,748][com.alibaba.druid.pool.DruidAbstractDataSource]maxIdle is deprecated
[INFO][2016-08-07 20:30:04,826][com.alibaba.druid.pool.DruidDataSource]{dataSource-1} inited
[INFO][2016-08-07 20:30:05,170][org.hibernate.annotations.common.Version]HCANN000001: Hibernate Commons Annotations {4.0.4.Final}
[INFO][2016-08-07 20:30:05,181][org.hibernate.Version]HHH000412: Hibernate Core {4.3.5.Final}
[INFO][2016-08-07 20:30:05,184][org.hibernate.cfg.Environment]HHH000206: hibernate.properties not found
[INFO][2016-08-07 20:30:05,186][org.hibernate.cfg.Environment]HHH000021: Bytecode provider name : javassist
[INFO][2016-08-07 20:30:05,566][org.hibernate.dialect.Dialect]HHH000400: Using dialect: org.hibernate.dialect.MySQLDialect
[WARN][2016-08-07 20:30:05,660][org.springframework.context.support.ClassPathXmlApplicationContext]Exception encountered during context initialization - cancelling refresh attempt: org.springframework.beans.factory.BeanCreationException: Error creating bean with name 'userDao': Injection of autowired dependencies failed; nested exception is org.springframework.beans.factory.BeanCreationException: Could not autowire method: public void sy.dao.impl.UserDaoImpl.setSessionFactory(org.hibernate.SessionFactory); nested exception is org.springframework.beans.factory.BeanCreationException: Error creating bean with name 'sessionFactory' defined in class path resource [spring-hibernate.xml]: Invocation of init method failed; nested exception is org.hibernate.AnnotationException: No identifier specified for entity: sy.model.Tuser
[INFO][2016-08-07 20:30:05,661][org.springframework.beans.factory.support.DefaultListableBeanFactory]Destroying singletons in org.springframework.beans.factory.support.DefaultListableBeanFactory@3cb96751: defining beans [org.springframework.beans.factory.config.PropertyPlaceholderConfigurer#0,userDao,userService,org.springframework.context.annotation.internalConfigurationAnnotationProcessor,org.springframework.context.annotation.internalAutowiredAnnotationProcessor,org.springframework.context.annotation.internalRequiredAnnotationProcessor,org.springframework.context.annotation.internalCommonAnnotationProcessor,org.springframework.context.annotation.internalPersistenceAnnotationProcessor,dataSource,sessionFactory,transactionManager,transactionAdvice,org.springframework.aop.config.internalAutoProxyCreator,transactionPointcut,org.springframework.aop.support.DefaultBeanFactoryPointcutAdvisor#0,org.springframework.context.annotation.ConfigurationClassPostProcessor.importAwareProcessor]; root of factory hierarchy
[INFO][2016-08-07 20:30:05,673][com.alibaba.druid.pool.DruidDataSource]{dataSource-1} closed
[INFO][2016-08-07 20:35:31,031][org.springframework.context.support.ClassPathXmlApplicationContext]Refreshing org.springframework.context.support.ClassPathXmlApplicationContext@3d6bc07a: startup date [Sun Aug 07 20:35:31 CST 2016]; root of context hierarchy
[INFO][2016-08-07 20:35:31,119][org.springframework.beans.factory.xml.XmlBeanDefinitionReader]Loading XML bean definitions from class path resource [spring.xml]
[INFO][2016-08-07 20:35:31,413][org.springframework.beans.factory.xml.XmlBeanDefinitionReader]Loading XML bean definitions from class path resource [spring-hibernate.xml]
[INFO][2016-08-07 20:35:31,781][org.springframework.beans.factory.config.PropertyPlaceholderConfigurer]Loading properties file from class path resource [config.properties]
[INFO][2016-08-07 20:35:31,837][org.springframework.beans.factory.support.DefaultListableBeanFactory]Pre-instantiating singletons in org.springframework.beans.factory.support.DefaultListableBeanFactory@3cb96751: defining beans [org.springframework.beans.factory.config.PropertyPlaceholderConfigurer#0,userDao,userService,org.springframework.context.annotation.internalConfigurationAnnotationProcessor,org.springframework.context.annotation.internalAutowiredAnnotationProcessor,org.springframework.context.annotation.internalRequiredAnnotationProcessor,org.springframework.context.annotation.internalCommonAnnotationProcessor,org.springframework.context.annotation.internalPersistenceAnnotationProcessor,dataSource,sessionFactory,transactionManager,transactionAdvice,org.springframework.aop.config.internalAutoProxyCreator,transactionPointcut,org.springframework.aop.support.DefaultBeanFactoryPointcutAdvisor#0,org.springframework.context.annotation.ConfigurationClassPostProcessor.importAwareProcessor]; root of factory hierarchy
[ERROR][2016-08-07 20:35:31,961][com.alibaba.druid.pool.DruidAbstractDataSource]maxIdle is deprecated
[INFO][2016-08-07 20:35:32,040][com.alibaba.druid.pool.DruidDataSource]{dataSource-1} inited
[INFO][2016-08-07 20:35:32,413][org.hibernate.annotations.common.Version]HCANN000001: Hibernate Commons Annotations {4.0.4.Final}
[INFO][2016-08-07 20:35:32,423][org.hibernate.Version]HHH000412: Hibernate Core {4.3.5.Final}
[INFO][2016-08-07 20:35:32,425][org.hibernate.cfg.Environment]HHH000206: hibernate.properties not found
[INFO][2016-08-07 20:35:32,427][org.hibernate.cfg.Environment]HHH000021: Bytecode provider name : javassist
[INFO][2016-08-07 20:35:32,820][org.hibernate.dialect.Dialect]HHH000400: Using dialect: org.hibernate.dialect.MySQLDialect
[WARN][2016-08-07 20:35:32,979][org.springframework.context.support.ClassPathXmlApplicationContext]Exception encountered during context initialization - cancelling refresh attempt: org.springframework.beans.factory.BeanCreationException: Error creating bean with name 'userDao': Injection of autowired dependencies failed; nested exception is org.springframework.beans.factory.BeanCreationException: Could not autowire method: public void sy.dao.impl.UserDaoImpl.setSessionFactory(org.hibernate.SessionFactory); nested exception is org.springframework.beans.factory.BeanCreationException: Error creating bean with name 'sessionFactory' defined in class path resource [spring-hibernate.xml]: Invocation of init method failed; nested exception is org.hibernate.AnnotationException: No identifier specified for entity: sy.model.Tuser
[INFO][2016-08-07 20:35:32,980][org.springframework.beans.factory.support.DefaultListableBeanFactory]Destroying singletons in org.springframework.beans.factory.support.DefaultListableBeanFactory@3cb96751: defining beans [org.springframework.beans.factory.config.PropertyPlaceholderConfigurer#0,userDao,userService,org.springframework.context.annotation.internalConfigurationAnnotationProcessor,org.springframework.context.annotation.internalAutowiredAnnotationProcessor,org.springframework.context.annotation.internalRequiredAnnotationProcessor,org.springframework.context.annotation.internalCommonAnnotationProcessor,org.springframework.context.annotation.internalPersistenceAnnotationProcessor,dataSource,sessionFactory,transactionManager,transactionAdvice,org.springframework.aop.config.internalAutoProxyCreator,transactionPointcut,org.springframework.aop.support.DefaultBeanFactoryPointcutAdvisor#0,org.springframework.context.annotation.ConfigurationClassPostProcessor.importAwareProcessor]; root of factory hierarchy
[INFO][2016-08-07 20:35:32,996][com.alibaba.druid.pool.DruidDataSource]{dataSource-1} closed
[INFO][2016-08-07 20:40:38,989][org.springframework.context.support.ClassPathXmlApplicationContext]Refreshing org.springframework.context.support.ClassPathXmlApplicationContext@6d29a916: startup date [Sun Aug 07 20:40:38 CST 2016]; root of context hierarchy
[INFO][2016-08-07 20:40:39,074][org.springframework.beans.factory.xml.XmlBeanDefinitionReader]Loading XML bean definitions from class path resource [spring.xml]
[INFO][2016-08-07 20:40:39,311][org.springframework.beans.factory.xml.XmlBeanDefinitionReader]Loading XML bean definitions from class path resource [spring-hibernate.xml]
[INFO][2016-08-07 20:40:39,598][org.springframework.beans.factory.config.PropertyPlaceholderConfigurer]Loading properties file from class path resource [config.properties]
[INFO][2016-08-07 20:40:39,662][org.springframework.beans.factory.support.DefaultListableBeanFactory]Pre-instantiating singletons in org.springframework.beans.factory.support.DefaultListableBeanFactory@302e15fc: defining beans [org.springframework.beans.factory.config.PropertyPlaceholderConfigurer#0,userDao,userService,org.springframework.context.annotation.internalConfigurationAnnotationProcessor,org.springframework.context.annotation.internalAutowiredAnnotationProcessor,org.springframework.context.annotation.internalRequiredAnnotationProcessor,org.springframework.context.annotation.internalCommonAnnotationProcessor,org.springframework.context.annotation.internalPersistenceAnnotationProcessor,dataSource,sessionFactory,transactionManager,transactionAdvice,org.springframework.aop.config.internalAutoProxyCreator,transactionPointcut,org.springframework.aop.support.DefaultBeanFactoryPointcutAdvisor#0,org.springframework.context.annotation.ConfigurationClassPostProcessor.importAwareProcessor]; root of factory hierarchy
[ERROR][2016-08-07 20:40:39,797][com.alibaba.druid.pool.DruidAbstractDataSource]maxIdle is deprecated
[INFO][2016-08-07 20:40:39,879][com.alibaba.druid.pool.DruidDataSource]{dataSource-1} inited
[INFO][2016-08-07 20:40:40,223][org.hibernate.annotations.common.Version]HCANN000001: Hibernate Commons Annotations {4.0.4.Final}
[INFO][2016-08-07 20:40:40,233][org.hibernate.Version]HHH000412: Hibernate Core {4.3.5.Final}
[INFO][2016-08-07 20:40:40,236][org.hibernate.cfg.Environment]HHH000206: hibernate.properties not found
[INFO][2016-08-07 20:40:40,238][org.hibernate.cfg.Environment]HHH000021: Bytecode provider name : javassist
[INFO][2016-08-07 20:40:40,611][org.hibernate.dialect.Dialect]HHH000400: Using dialect: org.hibernate.dialect.MySQLDialect
[WARN][2016-08-07 20:40:40,728][org.springframework.context.support.ClassPathXmlApplicationContext]Exception encountered during context initialization - cancelling refresh attempt: org.springframework.beans.factory.BeanCreationException: Error creating bean with name 'userDao': Injection of autowired dependencies failed; nested exception is org.springframework.beans.factory.BeanCreationException: Could not autowire method: public void sy.dao.impl.UserDaoImpl.setSessionFactory(org.hibernate.SessionFactory); nested exception is org.springframework.beans.factory.BeanCreationException: Error creating bean with name 'sessionFactory' defined in class path resource [spring-hibernate.xml]: Invocation of init method failed; nested exception is org.hibernate.AnnotationException: No identifier specified for entity: sy.model.Tuser
[INFO][2016-08-07 20:40:40,728][org.springframework.beans.factory.support.DefaultListableBeanFactory]Destroying singletons in org.springframework.beans.factory.support.DefaultListableBeanFactory@302e15fc: defining beans [org.springframework.beans.factory.config.PropertyPlaceholderConfigurer#0,userDao,userService,org.springframework.context.annotation.internalConfigurationAnnotationProcessor,org.springframework.context.annotation.internalAutowiredAnnotationProcessor,org.springframework.context.annotation.internalRequiredAnnotationProcessor,org.springframework.context.annotation.internalCommonAnnotationProcessor,org.springframework.context.annotation.internalPersistenceAnnotationProcessor,dataSource,sessionFactory,transactionManager,transactionAdvice,org.springframework.aop.config.internalAutoProxyCreator,transactionPointcut,org.springframework.aop.support.DefaultBeanFactoryPointcutAdvisor#0,org.springframework.context.annotation.ConfigurationClassPostProcessor.importAwareProcessor]; root of factory hierarchy
[INFO][2016-08-07 20:40:40,741][com.alibaba.druid.pool.DruidDataSource]{dataSource-1} closed
[INFO][2016-08-07 20:42:04,913][org.springframework.context.support.ClassPathXmlApplicationContext]Refreshing org.springframework.context.support.ClassPathXmlApplicationContext@3d6bc07a: startup date [Sun Aug 07 20:42:04 CST 2016]; root of context hierarchy
[INFO][2016-08-07 20:42:04,994][org.springframework.beans.factory.xml.XmlBeanDefinitionReader]Loading XML bean definitions from class path resource [spring.xml]
[INFO][2016-08-07 20:42:05,239][org.springframework.beans.factory.xml.XmlBeanDefinitionReader]Loading XML bean definitions from class path resource [spring-hibernate.xml]
[INFO][2016-08-07 20:42:05,511][org.springframework.beans.factory.config.PropertyPlaceholderConfigurer]Loading properties file from class path resource [config.properties]
[INFO][2016-08-07 20:42:05,582][org.springframework.beans.factory.support.DefaultListableBeanFactory]Pre-instantiating singletons in org.springframework.beans.factory.support.DefaultListableBeanFactory@3cb96751: defining beans [org.springframework.beans.factory.config.PropertyPlaceholderConfigurer#0,userDao,userService,org.springframework.context.annotation.internalConfigurationAnnotationProcessor,org.springframework.context.annotation.internalAutowiredAnnotationProcessor,org.springframework.context.annotation.internalRequiredAnnotationProcessor,org.springframework.context.annotation.internalCommonAnnotationProcessor,org.springframework.context.annotation.internalPersistenceAnnotationProcessor,dataSource,sessionFactory,transactionManager,transactionAdvice,org.springframework.aop.config.internalAutoProxyCreator,transactionPointcut,org.springframework.aop.support.DefaultBeanFactoryPointcutAdvisor#0,org.springframework.context.annotation.ConfigurationClassPostProcessor.importAwareProcessor]; root of factory hierarchy
[ERROR][2016-08-07 20:42:05,724][com.alibaba.druid.pool.DruidAbstractDataSource]maxIdle is deprecated
[INFO][2016-08-07 20:42:05,825][com.alibaba.druid.pool.DruidDataSource]{dataSource-1} inited
[INFO][2016-08-07 20:42:06,254][org.hibernate.annotations.common.Version]HCANN000001: Hibernate Commons Annotations {4.0.4.Final}
[INFO][2016-08-07 20:42:06,263][org.hibernate.Version]HHH000412: Hibernate Core {4.3.5.Final}
[INFO][2016-08-07 20:42:06,266][org.hibernate.cfg.Environment]HHH000206: hibernate.properties not found
[INFO][2016-08-07 20:42:06,268][org.hibernate.cfg.Environment]HHH000021: Bytecode provider name : javassist
[INFO][2016-08-07 20:42:06,605][org.hibernate.dialect.Dialect]HHH000400: Using dialect: org.hibernate.dialect.MySQLDialect
[INFO][2016-08-07 20:42:06,720][org.hibernate.engine.transaction.internal.TransactionFactoryInitiator]HHH000399: Using default transaction strategy (direct JDBC transactions)
[INFO][2016-08-07 20:42:06,725][org.hibernate.hql.internal.ast.ASTQueryTranslatorFactory]HHH000397: Using ASTQueryTranslatorFactory
[INFO][2016-08-07 20:42:06,984][org.hibernate.tool.hbm2ddl.SchemaUpdate]HHH000228: Running hbm2ddl schema update
[INFO][2016-08-07 20:42:06,984][org.hibernate.tool.hbm2ddl.SchemaUpdate]HHH000102: Fetching database metadata
[INFO][2016-08-07 20:42:06,988][org.hibernate.tool.hbm2ddl.SchemaUpdate]HHH000396: Updating schema
[INFO][2016-08-07 20:42:07,103][org.hibernate.tool.hbm2ddl.TableMetadata]HHH000261: Table found: sy.tuser
[INFO][2016-08-07 20:42:07,104][org.hibernate.tool.hbm2ddl.TableMetadata]HHH000037: Columns: [id, pwd, name, modifydatetime, createdatetime]
[INFO][2016-08-07 20:42:07,104][org.hibernate.tool.hbm2ddl.TableMetadata]HHH000108: Foreign keys: []
[INFO][2016-08-07 20:42:07,104][org.hibernate.tool.hbm2ddl.TableMetadata]HHH000126: Indexes: [primary]
[INFO][2016-08-07 20:42:07,104][org.hibernate.tool.hbm2ddl.SchemaUpdate]HHH000232: Schema update complete
[ERROR][2016-08-07 20:42:07,106][org.hibernate.internal.SessionFactoryImpl]HHH000302: Unable to construct current session context [org.springframework.orm.hibernate4.SpringSessionContext]
java.lang.reflect.InvocationTargetException
	at sun.reflect.NativeConstructorAccessorImpl.newInstance0(Native Method)
	at sun.reflect.NativeConstructorAccessorImpl.newInstance(NativeConstructorAccessorImpl.java:57)
	at sun.reflect.DelegatingConstructorAccessorImpl.newInstance(DelegatingConstructorAccessorImpl.java:45)
	at java.lang.reflect.Constructor.newInstance(Constructor.java:525)
	at org.hibernate.internal.SessionFactoryImpl.buildCurrentSessionContext(SessionFactoryImpl.java:1513)
	at org.hibernate.internal.SessionFactoryImpl.<init>(SessionFactoryImpl.java:532)
	at org.hibernate.cfg.Configuration.buildSessionFactory(Configuration.java:1857)
	at org.hibernate.cfg.Configuration.buildSessionFactory(Configuration.java:1928)
	at org.springframework.orm.hibernate4.LocalSessionFactoryBuilder.buildSessionFactory(LocalSessionFactoryBuilder.java:252)
	at org.springframework.orm.hibernate4.LocalSessionFactoryBean.buildSessionFactory(LocalSessionFactoryBean.java:377)
	at org.springframework.orm.hibernate4.LocalSessionFactoryBean.afterPropertiesSet(LocalSessionFactoryBean.java:362)
	at org.springframework.beans.factory.support.AbstractAutowireCapableBeanFactory.invokeInitMethods(AbstractAutowireCapableBeanFactory.java:1573)
	at org.springframework.beans.factory.support.AbstractAutowireCapableBeanFactory.initializeBean(AbstractAutowireCapableBeanFactory.java:1511)
	at org.springframework.beans.factory.support.AbstractAutowireCapableBeanFactory.doCreateBean(AbstractAutowireCapableBeanFactory.java:521)
	at org.springframework.beans.factory.support.AbstractAutowireCapableBeanFactory.createBean(AbstractAutowireCapableBeanFactory.java:458)
	at org.springframework.beans.factory.support.AbstractBeanFactory$1.getObject(AbstractBeanFactory.java:293)
	at org.springframework.beans.factory.support.DefaultSingletonBeanRegistry.getSingleton(DefaultSingletonBeanRegistry.java:223)
	at org.springframework.beans.factory.support.AbstractBeanFactory.doGetBean(AbstractBeanFactory.java:290)
	at org.springframework.beans.factory.support.AbstractBeanFactory.getBean(AbstractBeanFactory.java:191)
	at org.springframework.beans.factory.support.DefaultListableBeanFactory.findAutowireCandidates(DefaultListableBeanFactory.java:921)
	at org.springframework.beans.factory.support.DefaultListableBeanFactory.doResolveDependency(DefaultListableBeanFactory.java:864)
	at org.springframework.beans.factory.support.DefaultListableBeanFactory.resolveDependency(DefaultListableBeanFactory.java:779)
	at org.springframework.beans.factory.annotation.AutowiredAnnotationBeanPostProcessor$AutowiredMethodElement.inject(AutowiredAnnotationBeanPostProcessor.java:575)
	at org.springframework.beans.factory.annotation.InjectionMetadata.inject(InjectionMetadata.java:88)
	at org.springframework.beans.factory.annotation.AutowiredAnnotationBeanPostProcessor.postProcessPropertyValues(AutowiredAnnotationBeanPostProcessor.java:295)
	at org.springframework.beans.factory.support.AbstractAutowireCapableBeanFactory.populateBean(AbstractAutowireCapableBeanFactory.java:1148)
	at org.springframework.beans.factory.support.AbstractAutowireCapableBeanFactory.doCreateBean(AbstractAutowireCapableBeanFactory.java:519)
	at org.springframework.beans.factory.support.AbstractAutowireCapableBeanFactory.createBean(AbstractAutowireCapableBeanFactory.java:458)
	at org.springframework.beans.factory.support.AbstractBeanFactory$1.getObject(AbstractBeanFactory.java:293)
	at org.springframework.beans.factory.support.DefaultSingletonBeanRegistry.getSingleton(DefaultSingletonBeanRegistry.java:223)
	at org.springframework.beans.factory.support.AbstractBeanFactory.doGetBean(AbstractBeanFactory.java:290)
	at org.springframework.beans.factory.support.AbstractBeanFactory.getBean(AbstractBeanFactory.java:191)
	at org.springframework.beans.factory.support.DefaultListableBeanFactory.preInstantiateSingletons(DefaultListableBeanFactory.java:636)
	at org.springframework.context.support.AbstractApplicationContext.finishBeanFactoryInitialization(AbstractApplicationContext.java:938)
	at org.springframework.context.support.AbstractApplicationContext.refresh(AbstractApplicationContext.java:479)
	at org.springframework.context.support.ClassPathXmlApplicationContext.<init>(ClassPathXmlApplicationContext.java:139)
	at org.springframework.context.support.ClassPathXmlApplicationContext.<init>(ClassPathXmlApplicationContext.java:93)
	at sy.test.TestHibernate.test(TestHibernate.java:17)
	at sun.reflect.NativeMethodAccessorImpl.invoke0(Native Method)
	at sun.reflect.NativeMethodAccessorImpl.invoke(NativeMethodAccessorImpl.java:57)
	at sun.reflect.DelegatingMethodAccessorImpl.invoke(DelegatingMethodAccessorImpl.java:43)
	at java.lang.reflect.Method.invoke(Method.java:601)
	at org.junit.runners.model.FrameworkMethod$1.runReflectiveCall(FrameworkMethod.java:44)
	at org.junit.internal.runners.model.ReflectiveCallable.run(ReflectiveCallable.java:15)
	at org.junit.runners.model.FrameworkMethod.invokeExplosively(FrameworkMethod.java:41)
	at org.junit.internal.runners.statements.InvokeMethod.evaluate(InvokeMethod.java:20)
	at org.junit.runners.BlockJUnit4ClassRunner.runNotIgnored(BlockJUnit4ClassRunner.java:79)
	at org.junit.runners.BlockJUnit4ClassRunner.runChild(BlockJUnit4ClassRunner.java:71)
	at org.junit.runners.BlockJUnit4ClassRunner.runChild(BlockJUnit4ClassRunner.java:49)
	at org.junit.runners.ParentRunner$3.run(ParentRunner.java:193)
	at org.junit.runners.ParentRunner$1.schedule(ParentRunner.java:52)
	at org.junit.runners.ParentRunner.runChildren(ParentRunner.java:191)
	at org.junit.runners.ParentRunner.access$000(ParentRunner.java:42)
	at org.junit.runners.ParentRunner$2.evaluate(ParentRunner.java:184)
	at org.junit.runners.ParentRunner.run(ParentRunner.java:236)
	at org.eclipse.jdt.internal.junit4.runner.JUnit4TestReference.run(JUnit4TestReference.java:50)
	at org.eclipse.jdt.internal.junit.runner.TestExecution.run(TestExecution.java:38)
	at org.eclipse.jdt.internal.junit.runner.RemoteTestRunner.runTests(RemoteTestRunner.java:467)
	at org.eclipse.jdt.internal.junit.runner.RemoteTestRunner.runTests(RemoteTestRunner.java:683)
	at org.eclipse.jdt.internal.junit.runner.RemoteTestRunner.run(RemoteTestRunner.java:390)
	at org.eclipse.jdt.internal.junit.runner.RemoteTestRunner.main(RemoteTestRunner.java:197)
Caused by: java.lang.NoClassDefFoundError: org/hibernate/service/jta/platform/spi/JtaPlatform
	at org.springframework.orm.hibernate4.SpringSessionContext.<init>(SpringSessionContext.java:56)
	... 61 more
Caused by: java.lang.ClassNotFoundException: org.hibernate.service.jta.platform.spi.JtaPlatform
	at java.net.URLClassLoader$1.run(URLClassLoader.java:366)
	at java.net.URLClassLoader$1.run(URLClassLoader.java:355)
	at java.security.AccessController.doPrivileged(Native Method)
	at java.net.URLClassLoader.findClass(URLClassLoader.java:354)
	at java.lang.ClassLoader.loadClass(ClassLoader.java:423)
	at sun.misc.Launcher$AppClassLoader.loadClass(Launcher.java:308)
	at java.lang.ClassLoader.loadClass(ClassLoader.java:356)
	... 62 more
[WARN][2016-08-07 20:42:07,220][org.springframework.context.support.ClassPathXmlApplicationContext]Exception encountered during context initialization - cancelling refresh attempt: org.springframework.beans.factory.BeanCreationException: Error creating bean with name 'userService' defined in file [F:\MyEclipse\newWorkSpace\sshe\target\classes\sy\service\impl\UserServiceImpl.class]: Initialization of bean failed; nested exception is org.springframework.beans.factory.BeanCreationException: Error creating bean with name 'transactionAdvice': Cannot resolve reference to bean 'transactionManager' while setting bean property 'transactionManager'; nested exception is org.springframework.beans.factory.BeanCreationException: Error creating bean with name 'transactionManager' defined in class path resource [spring-hibernate.xml]: Invocation of init method failed; nested exception is java.lang.NoSuchMethodError: org.hibernate.engine.spi.SessionFactoryImplementor.getConnectionProvider()Lorg/hibernate/service/jdbc/connections/spi/ConnectionProvider;
[INFO][2016-08-07 20:42:07,221][org.springframework.beans.factory.support.DefaultListableBeanFactory]Destroying singletons in org.springframework.beans.factory.support.DefaultListableBeanFactory@3cb96751: defining beans [org.springframework.beans.factory.config.PropertyPlaceholderConfigurer#0,userDao,userService,org.springframework.context.annotation.internalConfigurationAnnotationProcessor,org.springframework.context.annotation.internalAutowiredAnnotationProcessor,org.springframework.context.annotation.internalRequiredAnnotationProcessor,org.springframework.context.annotation.internalCommonAnnotationProcessor,org.springframework.context.annotation.internalPersistenceAnnotationProcessor,dataSource,sessionFactory,transactionManager,transactionAdvice,org.springframework.aop.config.internalAutoProxyCreator,transactionPointcut,org.springframework.aop.support.DefaultBeanFactoryPointcutAdvisor#0,org.springframework.context.annotation.ConfigurationClassPostProcessor.importAwareProcessor]; root of factory hierarchy
[INFO][2016-08-07 20:42:07,230][com.alibaba.druid.pool.DruidDataSource]{dataSource-1} closed
[INFO][2016-08-07 21:20:19,548][org.springframework.context.support.ClassPathXmlApplicationContext]Refreshing org.springframework.context.support.ClassPathXmlApplicationContext@7c935c95: startup date [Sun Aug 07 21:20:19 CST 2016]; root of context hierarchy
[INFO][2016-08-07 21:20:19,636][org.springframework.beans.factory.xml.XmlBeanDefinitionReader]Loading XML bean definitions from class path resource [spring.xml]
[INFO][2016-08-07 21:20:19,891][org.springframework.beans.factory.xml.XmlBeanDefinitionReader]Loading XML bean definitions from class path resource [spring-hibernate.xml]
[INFO][2016-08-07 21:20:20,156][org.springframework.beans.factory.config.PropertyPlaceholderConfigurer]Loading properties file from class path resource [config.properties]
[ERROR][2016-08-07 21:20:20,367][com.alibaba.druid.pool.DruidAbstractDataSource]maxIdle is deprecated
[INFO][2016-08-07 21:20:20,446][com.alibaba.druid.pool.DruidDataSource]{dataSource-1} inited
[INFO][2016-08-07 21:20:20,791][org.hibernate.annotations.common.Version]HCANN000001: Hibernate Commons Annotations {4.0.4.Final}
[INFO][2016-08-07 21:20:20,800][org.hibernate.Version]HHH000412: Hibernate Core {4.3.5.Final}
[INFO][2016-08-07 21:20:20,802][org.hibernate.cfg.Environment]HHH000206: hibernate.properties not found
[INFO][2016-08-07 21:20:20,804][org.hibernate.cfg.Environment]HHH000021: Bytecode provider name : javassist
[INFO][2016-08-07 21:20:21,182][org.hibernate.dialect.Dialect]HHH000400: Using dialect: org.hibernate.dialect.MySQLDialect
[INFO][2016-08-07 21:20:21,306][org.hibernate.engine.transaction.internal.TransactionFactoryInitiator]HHH000399: Using default transaction strategy (direct JDBC transactions)
[INFO][2016-08-07 21:20:21,313][org.hibernate.hql.internal.ast.ASTQueryTranslatorFactory]HHH000397: Using ASTQueryTranslatorFactory
[INFO][2016-08-07 21:20:21,576][org.hibernate.tool.hbm2ddl.SchemaUpdate]HHH000228: Running hbm2ddl schema update
[INFO][2016-08-07 21:20:21,576][org.hibernate.tool.hbm2ddl.SchemaUpdate]HHH000102: Fetching database metadata
[INFO][2016-08-07 21:20:21,579][org.hibernate.tool.hbm2ddl.SchemaUpdate]HHH000396: Updating schema
[INFO][2016-08-07 21:20:21,599][org.hibernate.tool.hbm2ddl.TableMetadata]HHH000261: Table found: sy.tuser
[INFO][2016-08-07 21:20:21,599][org.hibernate.tool.hbm2ddl.TableMetadata]HHH000037: Columns: [id, pwd, name, modifydatetime, createdatetime]
[INFO][2016-08-07 21:20:21,599][org.hibernate.tool.hbm2ddl.TableMetadata]HHH000108: Foreign keys: []
[INFO][2016-08-07 21:20:21,600][org.hibernate.tool.hbm2ddl.TableMetadata]HHH000126: Indexes: [primary]
[INFO][2016-08-07 21:20:21,600][org.hibernate.tool.hbm2ddl.SchemaUpdate]HHH000232: Schema update complete
[INFO][2016-08-07 21:20:21,692][org.springframework.orm.hibernate4.HibernateTransactionManager]Using DataSource [{
	CreateTime:"2016-08-07 21:20:20",
	ActiveCount:0,
	PoolingCount:1,
	CreateCount:1,
	DestroyCount:0,
	CloseCount:2,
	ConnectCount:2,
	Connections:[
		{ID:1353582116, ConnectTime:"2016-08-07 21:20:21", UseCount:2, LastActiveTime:"2016-08-07 21:20:21"}
	]
}] of Hibernate SessionFactory for HibernateTransactionManager
[INFO][2016-08-07 21:21:35,250][org.springframework.context.support.ClassPathXmlApplicationContext]Refreshing org.springframework.context.support.ClassPathXmlApplicationContext@2ea37a18: startup date [Sun Aug 07 21:21:35 CST 2016]; root of context hierarchy
[INFO][2016-08-07 21:21:35,336][org.springframework.beans.factory.xml.XmlBeanDefinitionReader]Loading XML bean definitions from class path resource [spring.xml]
[INFO][2016-08-07 21:21:35,592][org.springframework.beans.factory.xml.XmlBeanDefinitionReader]Loading XML bean definitions from class path resource [spring-hibernate.xml]
[INFO][2016-08-07 21:21:35,868][org.springframework.beans.factory.config.PropertyPlaceholderConfigurer]Loading properties file from class path resource [config.properties]
[ERROR][2016-08-07 21:21:36,081][com.alibaba.druid.pool.DruidAbstractDataSource]maxIdle is deprecated
[INFO][2016-08-07 21:21:36,172][com.alibaba.druid.pool.DruidDataSource]{dataSource-1} inited
[INFO][2016-08-07 21:21:36,508][org.hibernate.annotations.common.Version]HCANN000001: Hibernate Commons Annotations {4.0.4.Final}
[INFO][2016-08-07 21:21:36,516][org.hibernate.Version]HHH000412: Hibernate Core {4.3.5.Final}
[INFO][2016-08-07 21:21:36,518][org.hibernate.cfg.Environment]HHH000206: hibernate.properties not found
[INFO][2016-08-07 21:21:36,520][org.hibernate.cfg.Environment]HHH000021: Bytecode provider name : javassist
[INFO][2016-08-07 21:21:36,873][org.hibernate.dialect.Dialect]HHH000400: Using dialect: org.hibernate.dialect.MySQLDialect
[INFO][2016-08-07 21:21:36,991][org.hibernate.engine.transaction.internal.TransactionFactoryInitiator]HHH000399: Using default transaction strategy (direct JDBC transactions)
[INFO][2016-08-07 21:21:36,995][org.hibernate.hql.internal.ast.ASTQueryTranslatorFactory]HHH000397: Using ASTQueryTranslatorFactory
[INFO][2016-08-07 21:21:37,253][org.hibernate.tool.hbm2ddl.SchemaUpdate]HHH000228: Running hbm2ddl schema update
[INFO][2016-08-07 21:21:37,253][org.hibernate.tool.hbm2ddl.SchemaUpdate]HHH000102: Fetching database metadata
[INFO][2016-08-07 21:21:37,256][org.hibernate.tool.hbm2ddl.SchemaUpdate]HHH000396: Updating schema
[INFO][2016-08-07 21:21:37,274][org.hibernate.tool.hbm2ddl.TableMetadata]HHH000261: Table found: sy.tuser
[INFO][2016-08-07 21:21:37,274][org.hibernate.tool.hbm2ddl.TableMetadata]HHH000037: Columns: [id, pwd, name, modifydatetime, createdatetime]
[INFO][2016-08-07 21:21:37,274][org.hibernate.tool.hbm2ddl.TableMetadata]HHH000108: Foreign keys: []
[INFO][2016-08-07 21:21:37,274][org.hibernate.tool.hbm2ddl.TableMetadata]HHH000126: Indexes: [primary]
[INFO][2016-08-07 21:21:37,275][org.hibernate.tool.hbm2ddl.SchemaUpdate]HHH000232: Schema update complete
[INFO][2016-08-07 21:21:37,370][org.springframework.orm.hibernate4.HibernateTransactionManager]Using DataSource [{
	CreateTime:"2016-08-07 21:21:36",
	ActiveCount:0,
	PoolingCount:1,
	CreateCount:1,
	DestroyCount:0,
	CloseCount:2,
	ConnectCount:2,
	Connections:[
		{ID:453803059, ConnectTime:"2016-08-07 21:21:36", UseCount:2, LastActiveTime:"2016-08-07 21:21:37"}
	]
}] of Hibernate SessionFactory for HibernateTransactionManager
[INFO][2016-08-07 21:24:38,006][org.springframework.context.support.ClassPathXmlApplicationContext]Refreshing org.springframework.context.support.ClassPathXmlApplicationContext@2ea37a18: startup date [Sun Aug 07 21:24:38 CST 2016]; root of context hierarchy
[INFO][2016-08-07 21:24:38,092][org.springframework.beans.factory.xml.XmlBeanDefinitionReader]Loading XML bean definitions from class path resource [spring.xml]
[INFO][2016-08-07 21:24:38,325][org.springframework.beans.factory.xml.XmlBeanDefinitionReader]Loading XML bean definitions from class path resource [spring-hibernate.xml]
[INFO][2016-08-07 21:24:38,600][org.springframework.beans.factory.config.PropertyPlaceholderConfigurer]Loading properties file from class path resource [config.properties]
[ERROR][2016-08-07 21:24:38,835][com.alibaba.druid.pool.DruidAbstractDataSource]maxIdle is deprecated
[INFO][2016-08-07 21:24:38,924][com.alibaba.druid.pool.DruidDataSource]{dataSource-1} inited
[INFO][2016-08-07 21:24:39,249][org.hibernate.annotations.common.Version]HCANN000001: Hibernate Commons Annotations {4.0.4.Final}
[INFO][2016-08-07 21:24:39,257][org.hibernate.Version]HHH000412: Hibernate Core {4.3.5.Final}
[INFO][2016-08-07 21:24:39,259][org.hibernate.cfg.Environment]HHH000206: hibernate.properties not found
[INFO][2016-08-07 21:24:39,261][org.hibernate.cfg.Environment]HHH000021: Bytecode provider name : javassist
[INFO][2016-08-07 21:24:39,620][org.hibernate.dialect.Dialect]HHH000400: Using dialect: org.hibernate.dialect.MySQLDialect
[INFO][2016-08-07 21:24:39,779][org.hibernate.engine.transaction.internal.TransactionFactoryInitiator]HHH000399: Using default transaction strategy (direct JDBC transactions)
[INFO][2016-08-07 21:24:39,784][org.hibernate.hql.internal.ast.ASTQueryTranslatorFactory]HHH000397: Using ASTQueryTranslatorFactory
[INFO][2016-08-07 21:24:40,080][org.hibernate.tool.hbm2ddl.SchemaUpdate]HHH000228: Running hbm2ddl schema update
[INFO][2016-08-07 21:24:40,081][org.hibernate.tool.hbm2ddl.SchemaUpdate]HHH000102: Fetching database metadata
[INFO][2016-08-07 21:24:40,084][org.hibernate.tool.hbm2ddl.SchemaUpdate]HHH000396: Updating schema
[INFO][2016-08-07 21:24:40,101][org.hibernate.tool.hbm2ddl.TableMetadata]HHH000261: Table found: sy.tuser
[INFO][2016-08-07 21:24:40,101][org.hibernate.tool.hbm2ddl.TableMetadata]HHH000037: Columns: [id, pwd, name, modifydatetime, createdatetime]
[INFO][2016-08-07 21:24:40,101][org.hibernate.tool.hbm2ddl.TableMetadata]HHH000108: Foreign keys: []
[INFO][2016-08-07 21:24:40,101][org.hibernate.tool.hbm2ddl.TableMetadata]HHH000126: Indexes: [primary]
[INFO][2016-08-07 21:24:40,102][org.hibernate.tool.hbm2ddl.SchemaUpdate]HHH000232: Schema update complete
[INFO][2016-08-07 21:24:40,193][org.springframework.orm.hibernate4.HibernateTransactionManager]Using DataSource [{
	CreateTime:"2016-08-07 21:24:38",
	ActiveCount:0,
	PoolingCount:1,
	CreateCount:1,
	DestroyCount:0,
	CloseCount:2,
	ConnectCount:2,
	Connections:[
		{ID:1223105772, ConnectTime:"2016-08-07 21:24:39", UseCount:2, LastActiveTime:"2016-08-07 21:24:40"}
	]
}] of Hibernate SessionFactory for HibernateTransactionManager
[INFO][2016-08-07 21:33:03,579][org.springframework.context.support.ClassPathXmlApplicationContext]Refreshing org.springframework.context.support.ClassPathXmlApplicationContext@2ea37a18: startup date [Sun Aug 07 21:33:03 CST 2016]; root of context hierarchy
[INFO][2016-08-07 21:33:03,662][org.springframework.beans.factory.xml.XmlBeanDefinitionReader]Loading XML bean definitions from class path resource [spring.xml]
[INFO][2016-08-07 21:33:03,944][org.springframework.beans.factory.xml.XmlBeanDefinitionReader]Loading XML bean definitions from class path resource [spring-hibernate.xml]
[INFO][2016-08-07 21:33:04,222][org.springframework.beans.factory.config.PropertyPlaceholderConfigurer]Loading properties file from class path resource [config.properties]
[ERROR][2016-08-07 21:33:04,436][com.alibaba.druid.pool.DruidAbstractDataSource]maxIdle is deprecated
[INFO][2016-08-07 21:33:04,514][com.alibaba.druid.pool.DruidDataSource]{dataSource-1} inited
[INFO][2016-08-07 21:33:04,861][org.hibernate.annotations.common.Version]HCANN000001: Hibernate Commons Annotations {4.0.4.Final}
[INFO][2016-08-07 21:33:04,869][org.hibernate.Version]HHH000412: Hibernate Core {4.3.5.Final}
[INFO][2016-08-07 21:33:04,871][org.hibernate.cfg.Environment]HHH000206: hibernate.properties not found
[INFO][2016-08-07 21:33:04,873][org.hibernate.cfg.Environment]HHH000021: Bytecode provider name : javassist
[INFO][2016-08-07 21:33:05,239][org.hibernate.dialect.Dialect]HHH000400: Using dialect: org.hibernate.dialect.MySQLDialect
[INFO][2016-08-07 21:33:05,372][org.hibernate.engine.transaction.internal.TransactionFactoryInitiator]HHH000399: Using default transaction strategy (direct JDBC transactions)
[INFO][2016-08-07 21:33:05,381][org.hibernate.hql.internal.ast.ASTQueryTranslatorFactory]HHH000397: Using ASTQueryTranslatorFactory
[INFO][2016-08-07 21:33:05,693][org.hibernate.tool.hbm2ddl.SchemaUpdate]HHH000228: Running hbm2ddl schema update
[INFO][2016-08-07 21:33:05,693][org.hibernate.tool.hbm2ddl.SchemaUpdate]HHH000102: Fetching database metadata
[INFO][2016-08-07 21:33:05,698][org.hibernate.tool.hbm2ddl.SchemaUpdate]HHH000396: Updating schema
[INFO][2016-08-07 21:33:05,724][org.hibernate.tool.hbm2ddl.TableMetadata]HHH000261: Table found: sy.tuser
[INFO][2016-08-07 21:33:05,724][org.hibernate.tool.hbm2ddl.TableMetadata]HHH000037: Columns: [id, pwd, name, modifydatetime, createdatetime]
[INFO][2016-08-07 21:33:05,724][org.hibernate.tool.hbm2ddl.TableMetadata]HHH000108: Foreign keys: []
[INFO][2016-08-07 21:33:05,724][org.hibernate.tool.hbm2ddl.TableMetadata]HHH000126: Indexes: [primary]
[INFO][2016-08-07 21:33:05,725][org.hibernate.tool.hbm2ddl.SchemaUpdate]HHH000232: Schema update complete
[INFO][2016-08-07 21:33:05,827][org.springframework.orm.hibernate4.HibernateTransactionManager]Using DataSource [{
	CreateTime:"2016-08-07 21:33:04",
	ActiveCount:0,
	PoolingCount:1,
	CreateCount:1,
	DestroyCount:0,
	CloseCount:2,
	ConnectCount:2,
	Connections:[
		{ID:1307359425, ConnectTime:"2016-08-07 21:33:05", UseCount:2, LastActiveTime:"2016-08-07 21:33:05"}
	]
}] of Hibernate SessionFactory for HibernateTransactionManager
[WARN][2016-08-07 21:33:06,168][org.hibernate.engine.jdbc.spi.SqlExceptionHelper]SQL Error: 1146, SQLState: 42S02
[ERROR][2016-08-07 21:33:06,168][org.hibernate.engine.jdbc.spi.SqlExceptionHelper]Table 'sshe.tuser' doesn't exist
[INFO][2016-08-07 21:33:06,170][org.hibernate.engine.jdbc.batch.internal.AbstractBatchImpl]HHH000010: On release of batch it still contained JDBC statements
[INFO][2016-08-07 21:34:13,048][org.springframework.context.support.ClassPathXmlApplicationContext]Refreshing org.springframework.context.support.ClassPathXmlApplicationContext@2ea37a18: startup date [Sun Aug 07 21:34:13 CST 2016]; root of context hierarchy
[INFO][2016-08-07 21:34:13,122][org.springframework.beans.factory.xml.XmlBeanDefinitionReader]Loading XML bean definitions from class path resource [spring.xml]
[INFO][2016-08-07 21:34:13,359][org.springframework.beans.factory.xml.XmlBeanDefinitionReader]Loading XML bean definitions from class path resource [spring-hibernate.xml]
[INFO][2016-08-07 21:34:13,630][org.springframework.beans.factory.config.PropertyPlaceholderConfigurer]Loading properties file from class path resource [config.properties]
[ERROR][2016-08-07 21:34:13,870][com.alibaba.druid.pool.DruidAbstractDataSource]maxIdle is deprecated
[INFO][2016-08-07 21:34:13,956][com.alibaba.druid.pool.DruidDataSource]{dataSource-1} inited
[INFO][2016-08-07 21:34:14,308][org.hibernate.annotations.common.Version]HCANN000001: Hibernate Commons Annotations {4.0.4.Final}
[INFO][2016-08-07 21:34:14,316][org.hibernate.Version]HHH000412: Hibernate Core {4.3.5.Final}
[INFO][2016-08-07 21:34:14,318][org.hibernate.cfg.Environment]HHH000206: hibernate.properties not found
[INFO][2016-08-07 21:34:14,320][org.hibernate.cfg.Environment]HHH000021: Bytecode provider name : javassist
[INFO][2016-08-07 21:34:14,736][org.hibernate.dialect.Dialect]HHH000400: Using dialect: org.hibernate.dialect.MySQLDialect
[INFO][2016-08-07 21:34:14,862][org.hibernate.engine.transaction.internal.TransactionFactoryInitiator]HHH000399: Using default transaction strategy (direct JDBC transactions)
[INFO][2016-08-07 21:34:14,866][org.hibernate.hql.internal.ast.ASTQueryTranslatorFactory]HHH000397: Using ASTQueryTranslatorFactory
[INFO][2016-08-07 21:34:15,113][org.hibernate.tool.hbm2ddl.SchemaUpdate]HHH000228: Running hbm2ddl schema update
[INFO][2016-08-07 21:34:15,113][org.hibernate.tool.hbm2ddl.SchemaUpdate]HHH000102: Fetching database metadata
[INFO][2016-08-07 21:34:15,117][org.hibernate.tool.hbm2ddl.SchemaUpdate]HHH000396: Updating schema
[INFO][2016-08-07 21:34:15,135][org.hibernate.tool.hbm2ddl.TableMetadata]HHH000261: Table found: sy.tuser
[INFO][2016-08-07 21:34:15,136][org.hibernate.tool.hbm2ddl.TableMetadata]HHH000037: Columns: [id, pwd, name, modifydatetime, createdatetime]
[INFO][2016-08-07 21:34:15,136][org.hibernate.tool.hbm2ddl.TableMetadata]HHH000108: Foreign keys: []
[INFO][2016-08-07 21:34:15,136][org.hibernate.tool.hbm2ddl.TableMetadata]HHH000126: Indexes: [primary]
[INFO][2016-08-07 21:34:15,136][org.hibernate.tool.hbm2ddl.SchemaUpdate]HHH000232: Schema update complete
[INFO][2016-08-07 21:34:15,237][org.springframework.orm.hibernate4.HibernateTransactionManager]Using DataSource [{
	CreateTime:"2016-08-07 21:34:13",
	ActiveCount:0,
	PoolingCount:1,
	CreateCount:1,
	DestroyCount:0,
	CloseCount:2,
	ConnectCount:2,
	Connections:[
		{ID:1998587546, ConnectTime:"2016-08-07 21:34:14", UseCount:2, LastActiveTime:"2016-08-07 21:34:15"}
	]
}] of Hibernate SessionFactory for HibernateTransactionManager
[WARN][2016-08-07 21:34:15,536][org.hibernate.engine.jdbc.spi.SqlExceptionHelper]SQL Error: 1146, SQLState: 42S02
[ERROR][2016-08-07 21:34:15,537][org.hibernate.engine.jdbc.spi.SqlExceptionHelper]Table 'sshe.tuser' doesn't exist
[INFO][2016-08-07 21:34:15,538][org.hibernate.engine.jdbc.batch.internal.AbstractBatchImpl]HHH000010: On release of batch it still contained JDBC statements
[INFO][2016-08-07 21:35:09,285][org.springframework.context.support.ClassPathXmlApplicationContext]Refreshing org.springframework.context.support.ClassPathXmlApplicationContext@2ea37a18: startup date [Sun Aug 07 21:35:09 CST 2016]; root of context hierarchy
[INFO][2016-08-07 21:35:09,356][org.springframework.beans.factory.xml.XmlBeanDefinitionReader]Loading XML bean definitions from class path resource [spring.xml]
[INFO][2016-08-07 21:35:09,601][org.springframework.beans.factory.xml.XmlBeanDefinitionReader]Loading XML bean definitions from class path resource [spring-hibernate.xml]
[INFO][2016-08-07 21:35:09,877][org.springframework.beans.factory.config.PropertyPlaceholderConfigurer]Loading properties file from class path resource [config.properties]
[ERROR][2016-08-07 21:35:10,102][com.alibaba.druid.pool.DruidAbstractDataSource]maxIdle is deprecated
[INFO][2016-08-07 21:35:10,179][com.alibaba.druid.pool.DruidDataSource]{dataSource-1} inited
[INFO][2016-08-07 21:35:10,527][org.hibernate.annotations.common.Version]HCANN000001: Hibernate Commons Annotations {4.0.4.Final}
[INFO][2016-08-07 21:35:10,535][org.hibernate.Version]HHH000412: Hibernate Core {4.3.5.Final}
[INFO][2016-08-07 21:35:10,539][org.hibernate.cfg.Environment]HHH000206: hibernate.properties not found
[INFO][2016-08-07 21:35:10,542][org.hibernate.cfg.Environment]HHH000021: Bytecode provider name : javassist
[INFO][2016-08-07 21:35:10,906][org.hibernate.dialect.Dialect]HHH000400: Using dialect: org.hibernate.dialect.MySQLDialect
[INFO][2016-08-07 21:35:11,030][org.hibernate.engine.transaction.internal.TransactionFactoryInitiator]HHH000399: Using default transaction strategy (direct JDBC transactions)
[INFO][2016-08-07 21:35:11,037][org.hibernate.hql.internal.ast.ASTQueryTranslatorFactory]HHH000397: Using ASTQueryTranslatorFactory
[INFO][2016-08-07 21:35:11,320][org.hibernate.tool.hbm2ddl.SchemaUpdate]HHH000228: Running hbm2ddl schema update
[INFO][2016-08-07 21:35:11,320][org.hibernate.tool.hbm2ddl.SchemaUpdate]HHH000102: Fetching database metadata
[INFO][2016-08-07 21:35:11,323][org.hibernate.tool.hbm2ddl.SchemaUpdate]HHH000396: Updating schema
[INFO][2016-08-07 21:35:11,340][org.hibernate.tool.hbm2ddl.TableMetadata]HHH000261: Table found: sy.tuser
[INFO][2016-08-07 21:35:11,340][org.hibernate.tool.hbm2ddl.TableMetadata]HHH000037: Columns: [id, pwd, name, modifydatetime, createdatetime]
[INFO][2016-08-07 21:35:11,340][org.hibernate.tool.hbm2ddl.TableMetadata]HHH000108: Foreign keys: []
[INFO][2016-08-07 21:35:11,340][org.hibernate.tool.hbm2ddl.TableMetadata]HHH000126: Indexes: [primary]
[INFO][2016-08-07 21:35:11,340][org.hibernate.tool.hbm2ddl.SchemaUpdate]HHH000232: Schema update complete
[INFO][2016-08-07 21:35:11,438][org.springframework.orm.hibernate4.HibernateTransactionManager]Using DataSource [{
	CreateTime:"2016-08-07 21:35:10",
	ActiveCount:0,
	PoolingCount:1,
	CreateCount:1,
	DestroyCount:0,
	CloseCount:2,
	ConnectCount:2,
	Connections:[
		{ID:1884663518, ConnectTime:"2016-08-07 21:35:10", UseCount:2, LastActiveTime:"2016-08-07 21:35:11"}
	]
}] of Hibernate SessionFactory for HibernateTransactionManager
[WARN][2016-08-07 21:35:11,809][org.hibernate.engine.jdbc.spi.SqlExceptionHelper]SQL Error: 1406, SQLState: 22001
[ERROR][2016-08-07 21:35:11,809][org.hibernate.engine.jdbc.spi.SqlExceptionHelper]Data truncation: Data too long for column 'id' at row 1
[INFO][2016-08-07 21:35:11,810][org.hibernate.engine.jdbc.batch.internal.AbstractBatchImpl]HHH000010: On release of batch it still contained JDBC statements
[INFO][2016-08-07 21:36:34,733][org.springframework.context.support.ClassPathXmlApplicationContext]Refreshing org.springframework.context.support.ClassPathXmlApplicationContext@6ea4d593: startup date [Sun Aug 07 21:36:34 CST 2016]; root of context hierarchy
[INFO][2016-08-07 21:36:34,815][org.springframework.beans.factory.xml.XmlBeanDefinitionReader]Loading XML bean definitions from class path resource [spring.xml]
[INFO][2016-08-07 21:36:35,059][org.springframework.beans.factory.xml.XmlBeanDefinitionReader]Loading XML bean definitions from class path resource [spring-hibernate.xml]
[INFO][2016-08-07 21:36:35,350][org.springframework.beans.factory.config.PropertyPlaceholderConfigurer]Loading properties file from class path resource [config.properties]
[ERROR][2016-08-07 21:36:35,585][com.alibaba.druid.pool.DruidAbstractDataSource]maxIdle is deprecated
[INFO][2016-08-07 21:36:35,666][com.alibaba.druid.pool.DruidDataSource]{dataSource-1} inited
[INFO][2016-08-07 21:36:36,019][org.hibernate.annotations.common.Version]HCANN000001: Hibernate Commons Annotations {4.0.4.Final}
[INFO][2016-08-07 21:36:36,027][org.hibernate.Version]HHH000412: Hibernate Core {4.3.5.Final}
[INFO][2016-08-07 21:36:36,030][org.hibernate.cfg.Environment]HHH000206: hibernate.properties not found
[INFO][2016-08-07 21:36:36,032][org.hibernate.cfg.Environment]HHH000021: Bytecode provider name : javassist
[INFO][2016-08-07 21:36:36,366][org.hibernate.dialect.Dialect]HHH000400: Using dialect: org.hibernate.dialect.MySQLDialect
[INFO][2016-08-07 21:36:36,495][org.hibernate.engine.transaction.internal.TransactionFactoryInitiator]HHH000399: Using default transaction strategy (direct JDBC transactions)
[INFO][2016-08-07 21:36:36,500][org.hibernate.hql.internal.ast.ASTQueryTranslatorFactory]HHH000397: Using ASTQueryTranslatorFactory
[INFO][2016-08-07 21:36:36,752][org.hibernate.tool.hbm2ddl.SchemaUpdate]HHH000228: Running hbm2ddl schema update
[INFO][2016-08-07 21:36:36,752][org.hibernate.tool.hbm2ddl.SchemaUpdate]HHH000102: Fetching database metadata
[INFO][2016-08-07 21:36:36,755][org.hibernate.tool.hbm2ddl.SchemaUpdate]HHH000396: Updating schema
[INFO][2016-08-07 21:36:36,776][org.hibernate.tool.hbm2ddl.TableMetadata]HHH000261: Table found: sy.tuser
[INFO][2016-08-07 21:36:36,776][org.hibernate.tool.hbm2ddl.TableMetadata]HHH000037: Columns: [id, pwd, name, modifydatetime, createdatetime]
[INFO][2016-08-07 21:36:36,776][org.hibernate.tool.hbm2ddl.TableMetadata]HHH000108: Foreign keys: []
[INFO][2016-08-07 21:36:36,777][org.hibernate.tool.hbm2ddl.TableMetadata]HHH000126: Indexes: [primary]
[INFO][2016-08-07 21:36:36,777][org.hibernate.tool.hbm2ddl.SchemaUpdate]HHH000232: Schema update complete
[INFO][2016-08-07 21:36:36,895][org.springframework.orm.hibernate4.HibernateTransactionManager]Using DataSource [{
	CreateTime:"2016-08-07 21:36:35",
	ActiveCount:0,
	PoolingCount:1,
	CreateCount:1,
	DestroyCount:0,
	CloseCount:2,
	ConnectCount:2,
	Connections:[
		{ID:622184079, ConnectTime:"2016-08-07 21:36:36", UseCount:2, LastActiveTime:"2016-08-07 21:36:36"}
	]
}] of Hibernate SessionFactory for HibernateTransactionManager
[WARN][2016-08-07 21:36:37,239][org.hibernate.engine.jdbc.spi.SqlExceptionHelper]SQL Error: 1406, SQLState: 22001
[ERROR][2016-08-07 21:36:37,240][org.hibernate.engine.jdbc.spi.SqlExceptionHelper]Data truncation: Data too long for column 'id' at row 1
[INFO][2016-08-07 21:36:37,241][org.hibernate.engine.jdbc.batch.internal.AbstractBatchImpl]HHH000010: On release of batch it still contained JDBC statements
[INFO][2016-08-07 21:44:08,510][org.springframework.context.support.ClassPathXmlApplicationContext]Refreshing org.springframework.context.support.ClassPathXmlApplicationContext@2ea37a18: startup date [Sun Aug 07 21:44:08 CST 2016]; root of context hierarchy
[INFO][2016-08-07 21:44:08,587][org.springframework.beans.factory.xml.XmlBeanDefinitionReader]Loading XML bean definitions from class path resource [spring.xml]
[INFO][2016-08-07 21:44:08,849][org.springframework.beans.factory.xml.XmlBeanDefinitionReader]Loading XML bean definitions from class path resource [spring-hibernate.xml]
[INFO][2016-08-07 21:44:09,226][org.springframework.beans.factory.config.PropertyPlaceholderConfigurer]Loading properties file from class path resource [config.properties]
[ERROR][2016-08-07 21:44:09,521][com.alibaba.druid.pool.DruidAbstractDataSource]maxIdle is deprecated
[INFO][2016-08-07 21:44:09,614][com.alibaba.druid.pool.DruidDataSource]{dataSource-1} inited
[INFO][2016-08-07 21:44:10,016][org.hibernate.annotations.common.Version]HCANN000001: Hibernate Commons Annotations {4.0.4.Final}
[INFO][2016-08-07 21:44:10,025][org.hibernate.Version]HHH000412: Hibernate Core {4.3.5.Final}
[INFO][2016-08-07 21:44:10,031][org.hibernate.cfg.Environment]HHH000206: hibernate.properties not found
[INFO][2016-08-07 21:44:10,046][org.hibernate.cfg.Environment]HHH000021: Bytecode provider name : javassist
[INFO][2016-08-07 21:44:10,430][org.hibernate.dialect.Dialect]HHH000400: Using dialect: org.hibernate.dialect.MySQLDialect
[INFO][2016-08-07 21:44:10,574][org.hibernate.engine.transaction.internal.TransactionFactoryInitiator]HHH000399: Using default transaction strategy (direct JDBC transactions)
[INFO][2016-08-07 21:44:10,582][org.hibernate.hql.internal.ast.ASTQueryTranslatorFactory]HHH000397: Using ASTQueryTranslatorFactory
[INFO][2016-08-07 21:44:10,980][org.hibernate.tool.hbm2ddl.SchemaUpdate]HHH000228: Running hbm2ddl schema update
[INFO][2016-08-07 21:44:10,980][org.hibernate.tool.hbm2ddl.SchemaUpdate]HHH000102: Fetching database metadata
[INFO][2016-08-07 21:44:10,983][org.hibernate.tool.hbm2ddl.SchemaUpdate]HHH000396: Updating schema
[INFO][2016-08-07 21:44:11,002][org.hibernate.tool.hbm2ddl.TableMetadata]HHH000261: Table found: sy.tuser
[INFO][2016-08-07 21:44:11,003][org.hibernate.tool.hbm2ddl.TableMetadata]HHH000037: Columns: [id, pwd, name, modifydatetime, createdatetime]
[INFO][2016-08-07 21:44:11,003][org.hibernate.tool.hbm2ddl.TableMetadata]HHH000108: Foreign keys: []
[INFO][2016-08-07 21:44:11,003][org.hibernate.tool.hbm2ddl.TableMetadata]HHH000126: Indexes: [primary]
[INFO][2016-08-07 21:44:11,004][org.hibernate.tool.hbm2ddl.SchemaUpdate]HHH000232: Schema update complete
[INFO][2016-08-07 21:44:11,121][org.springframework.orm.hibernate4.HibernateTransactionManager]Using DataSource [{
	CreateTime:"2016-08-07 21:44:09",
	ActiveCount:0,
	PoolingCount:1,
	CreateCount:1,
	DestroyCount:0,
	CloseCount:2,
	ConnectCount:2,
	Connections:[
		{ID:949938510, ConnectTime:"2016-08-07 21:44:10", UseCount:2, LastActiveTime:"2016-08-07 21:44:11"}
	]
}] of Hibernate SessionFactory for HibernateTransactionManager
[INFO][2016-08-07 21:52:26,977][org.springframework.context.support.ClassPathXmlApplicationContext]Refreshing org.springframework.context.support.ClassPathXmlApplicationContext@4e0222ed: startup date [Sun Aug 07 21:52:26 CST 2016]; root of context hierarchy
[INFO][2016-08-07 21:52:27,039][org.springframework.beans.factory.xml.XmlBeanDefinitionReader]Loading XML bean definitions from class path resource [spring.xml]
[INFO][2016-08-07 21:52:27,296][org.springframework.beans.factory.xml.XmlBeanDefinitionReader]Loading XML bean definitions from class path resource [spring-hibernate.xml]
[INFO][2016-08-07 21:52:27,549][org.springframework.beans.factory.config.PropertyPlaceholderConfigurer]Loading properties file from class path resource [config.properties]
[ERROR][2016-08-07 21:52:27,741][com.alibaba.druid.pool.DruidAbstractDataSource]maxIdle is deprecated
[INFO][2016-08-07 21:52:27,825][com.alibaba.druid.pool.DruidDataSource]{dataSource-1} inited
[INFO][2016-08-07 21:52:28,180][org.hibernate.annotations.common.Version]HCANN000001: Hibernate Commons Annotations {4.0.4.Final}
[INFO][2016-08-07 21:52:28,188][org.hibernate.Version]HHH000412: Hibernate Core {4.3.5.Final}
[INFO][2016-08-07 21:52:28,189][org.hibernate.cfg.Environment]HHH000206: hibernate.properties not found
[INFO][2016-08-07 21:52:28,191][org.hibernate.cfg.Environment]HHH000021: Bytecode provider name : javassist
[INFO][2016-08-07 21:52:28,532][org.hibernate.dialect.Dialect]HHH000400: Using dialect: org.hibernate.dialect.MySQLDialect
[INFO][2016-08-07 21:52:28,655][org.hibernate.engine.transaction.internal.TransactionFactoryInitiator]HHH000399: Using default transaction strategy (direct JDBC transactions)
[INFO][2016-08-07 21:52:28,660][org.hibernate.hql.internal.ast.ASTQueryTranslatorFactory]HHH000397: Using ASTQueryTranslatorFactory
[INFO][2016-08-07 21:52:28,960][org.hibernate.tool.hbm2ddl.SchemaUpdate]HHH000228: Running hbm2ddl schema update
[INFO][2016-08-07 21:52:28,960][org.hibernate.tool.hbm2ddl.SchemaUpdate]HHH000102: Fetching database metadata
[INFO][2016-08-07 21:52:28,964][org.hibernate.tool.hbm2ddl.SchemaUpdate]HHH000396: Updating schema
[INFO][2016-08-07 21:52:29,050][org.hibernate.tool.hbm2ddl.TableMetadata]HHH000261: Table found: sy.tuser
[INFO][2016-08-07 21:52:29,051][org.hibernate.tool.hbm2ddl.TableMetadata]HHH000037: Columns: [id, pwd, name, modifydatetime, createdatetime]
[INFO][2016-08-07 21:52:29,051][org.hibernate.tool.hbm2ddl.TableMetadata]HHH000108: Foreign keys: []
[INFO][2016-08-07 21:52:29,051][org.hibernate.tool.hbm2ddl.TableMetadata]HHH000126: Indexes: [primary]
[INFO][2016-08-07 21:52:29,052][org.hibernate.tool.hbm2ddl.SchemaUpdate]HHH000232: Schema update complete
[INFO][2016-08-07 21:52:29,125][org.springframework.orm.hibernate4.HibernateTransactionManager]Using DataSource [{
	CreateTime:"2016-08-07 21:52:27",
	ActiveCount:0,
	PoolingCount:1,
	CreateCount:1,
	DestroyCount:0,
	CloseCount:2,
	ConnectCount:2,
	Connections:[
		{ID:14520515, ConnectTime:"2016-08-07 21:52:28", UseCount:2, LastActiveTime:"2016-08-07 21:52:29"}
	]
}] of Hibernate SessionFactory for HibernateTransactionManager
[INFO][2016-08-07 21:52:29,593][org.springframework.context.support.ClassPathXmlApplicationContext]Refreshing org.springframework.context.support.ClassPathXmlApplicationContext@1f0effa3: startup date [Sun Aug 07 21:52:29 CST 2016]; root of context hierarchy
[INFO][2016-08-07 21:52:29,594][org.springframework.beans.factory.xml.XmlBeanDefinitionReader]Loading XML bean definitions from class path resource [applicationContext.xml]
[INFO][2016-08-07 21:53:30,079][org.springframework.context.support.ClassPathXmlApplicationContext]Refreshing org.springframework.context.support.ClassPathXmlApplicationContext@fe87e45: startup date [Sun Aug 07 21:53:30 CST 2016]; root of context hierarchy
[INFO][2016-08-07 21:53:30,153][org.springframework.beans.factory.xml.XmlBeanDefinitionReader]Loading XML bean definitions from class path resource [spring.xml]
[INFO][2016-08-07 21:53:30,420][org.springframework.beans.factory.xml.XmlBeanDefinitionReader]Loading XML bean definitions from class path resource [spring-hibernate.xml]
[INFO][2016-08-07 21:53:30,655][org.springframework.beans.factory.config.PropertyPlaceholderConfigurer]Loading properties file from class path resource [config.properties]
[ERROR][2016-08-07 21:53:30,863][com.alibaba.druid.pool.DruidAbstractDataSource]maxIdle is deprecated
[INFO][2016-08-07 21:53:30,944][com.alibaba.druid.pool.DruidDataSource]{dataSource-1} inited
[INFO][2016-08-07 21:53:31,274][org.hibernate.annotations.common.Version]HCANN000001: Hibernate Commons Annotations {4.0.4.Final}
[INFO][2016-08-07 21:53:31,281][org.hibernate.Version]HHH000412: Hibernate Core {4.3.5.Final}
[INFO][2016-08-07 21:53:31,283][org.hibernate.cfg.Environment]HHH000206: hibernate.properties not found
[INFO][2016-08-07 21:53:31,285][org.hibernate.cfg.Environment]HHH000021: Bytecode provider name : javassist
[INFO][2016-08-07 21:53:31,623][org.hibernate.dialect.Dialect]HHH000400: Using dialect: org.hibernate.dialect.MySQLDialect
[INFO][2016-08-07 21:53:31,749][org.hibernate.engine.transaction.internal.TransactionFactoryInitiator]HHH000399: Using default transaction strategy (direct JDBC transactions)
[INFO][2016-08-07 21:53:31,753][org.hibernate.hql.internal.ast.ASTQueryTranslatorFactory]HHH000397: Using ASTQueryTranslatorFactory
[INFO][2016-08-07 21:53:32,046][org.hibernate.tool.hbm2ddl.SchemaUpdate]HHH000228: Running hbm2ddl schema update
[INFO][2016-08-07 21:53:32,046][org.hibernate.tool.hbm2ddl.SchemaUpdate]HHH000102: Fetching database metadata
[INFO][2016-08-07 21:53:32,049][org.hibernate.tool.hbm2ddl.SchemaUpdate]HHH000396: Updating schema
[INFO][2016-08-07 21:53:32,065][org.hibernate.tool.hbm2ddl.TableMetadata]HHH000261: Table found: sy.tuser
[INFO][2016-08-07 21:53:32,065][org.hibernate.tool.hbm2ddl.TableMetadata]HHH000037: Columns: [id, pwd, name, modifydatetime, createdatetime]
[INFO][2016-08-07 21:53:32,065][org.hibernate.tool.hbm2ddl.TableMetadata]HHH000108: Foreign keys: []
[INFO][2016-08-07 21:53:32,066][org.hibernate.tool.hbm2ddl.TableMetadata]HHH000126: Indexes: [primary]
[INFO][2016-08-07 21:53:32,066][org.hibernate.tool.hbm2ddl.SchemaUpdate]HHH000232: Schema update complete
[INFO][2016-08-07 21:53:32,130][org.springframework.orm.hibernate4.HibernateTransactionManager]Using DataSource [{
	CreateTime:"2016-08-07 21:53:30",
	ActiveCount:0,
	PoolingCount:1,
	CreateCount:1,
	DestroyCount:0,
	CloseCount:2,
	ConnectCount:2,
	Connections:[
		{ID:412768224, ConnectTime:"2016-08-07 21:53:31", UseCount:2, LastActiveTime:"2016-08-07 21:53:32"}
	]
}] of Hibernate SessionFactory for HibernateTransactionManager
[INFO][2016-08-07 21:56:09,840][org.springframework.context.support.ClassPathXmlApplicationContext]Refreshing org.springframework.context.support.ClassPathXmlApplicationContext@5b4ec310: startup date [Sun Aug 07 21:56:09 CST 2016]; root of context hierarchy
[INFO][2016-08-07 21:56:09,897][org.springframework.beans.factory.xml.XmlBeanDefinitionReader]Loading XML bean definitions from class path resource [spring.xml]
[INFO][2016-08-07 21:56:10,140][org.springframework.beans.factory.xml.XmlBeanDefinitionReader]Loading XML bean definitions from class path resource [spring-hibernate.xml]
[INFO][2016-08-07 21:56:10,398][org.springframework.beans.factory.config.PropertyPlaceholderConfigurer]Loading properties file from class path resource [config.properties]
[ERROR][2016-08-07 21:56:10,627][com.alibaba.druid.pool.DruidAbstractDataSource]maxIdle is deprecated
[INFO][2016-08-07 21:56:10,710][com.alibaba.druid.pool.DruidDataSource]{dataSource-1} inited
[INFO][2016-08-07 21:56:11,109][org.hibernate.annotations.common.Version]HCANN000001: Hibernate Commons Annotations {4.0.4.Final}
[INFO][2016-08-07 21:56:11,115][org.hibernate.Version]HHH000412: Hibernate Core {4.3.5.Final}
[INFO][2016-08-07 21:56:11,116][org.hibernate.cfg.Environment]HHH000206: hibernate.properties not found
[INFO][2016-08-07 21:56:11,117][org.hibernate.cfg.Environment]HHH000021: Bytecode provider name : javassist
[INFO][2016-08-07 21:56:11,457][org.hibernate.dialect.Dialect]HHH000400: Using dialect: org.hibernate.dialect.MySQLDialect
[INFO][2016-08-07 21:56:11,609][org.hibernate.engine.transaction.internal.TransactionFactoryInitiator]HHH000399: Using default transaction strategy (direct JDBC transactions)
[INFO][2016-08-07 21:56:11,615][org.hibernate.hql.internal.ast.ASTQueryTranslatorFactory]HHH000397: Using ASTQueryTranslatorFactory
[INFO][2016-08-07 21:56:11,981][org.hibernate.tool.hbm2ddl.SchemaUpdate]HHH000228: Running hbm2ddl schema update
[INFO][2016-08-07 21:56:11,981][org.hibernate.tool.hbm2ddl.SchemaUpdate]HHH000102: Fetching database metadata
[INFO][2016-08-07 21:56:11,984][org.hibernate.tool.hbm2ddl.SchemaUpdate]HHH000396: Updating schema
[INFO][2016-08-07 21:56:12,002][org.hibernate.tool.hbm2ddl.TableMetadata]HHH000261: Table found: sy.tuser
[INFO][2016-08-07 21:56:12,002][org.hibernate.tool.hbm2ddl.TableMetadata]HHH000037: Columns: [id, pwd, name, modifydatetime, createdatetime]
[INFO][2016-08-07 21:56:12,003][org.hibernate.tool.hbm2ddl.TableMetadata]HHH000108: Foreign keys: []
[INFO][2016-08-07 21:56:12,003][org.hibernate.tool.hbm2ddl.TableMetadata]HHH000126: Indexes: [primary]
[INFO][2016-08-07 21:56:12,004][org.hibernate.tool.hbm2ddl.SchemaUpdate]HHH000232: Schema update complete
[INFO][2016-08-07 21:56:12,076][org.springframework.orm.hibernate4.HibernateTransactionManager]Using DataSource [{
	CreateTime:"2016-08-07 21:56:10",
	ActiveCount:0,
	PoolingCount:1,
	CreateCount:1,
	DestroyCount:0,
	CloseCount:2,
	ConnectCount:2,
	Connections:[
		{ID:1023360958, ConnectTime:"2016-08-07 21:56:11", UseCount:2, LastActiveTime:"2016-08-07 21:56:12"}
	]
}] of Hibernate SessionFactory for HibernateTransactionManager
[INFO][2016-08-07 22:10:51,904][org.springframework.context.support.ClassPathXmlApplicationContext]Refreshing org.springframework.context.support.ClassPathXmlApplicationContext@fe87e45: startup date [Sun Aug 07 22:10:51 CST 2016]; root of context hierarchy
[INFO][2016-08-07 22:10:51,969][org.springframework.beans.factory.xml.XmlBeanDefinitionReader]Loading XML bean definitions from class path resource [spring.xml]
[INFO][2016-08-07 22:10:52,223][org.springframework.beans.factory.xml.XmlBeanDefinitionReader]Loading XML bean definitions from class path resource [spring-hibernate.xml]
[INFO][2016-08-07 22:10:52,483][org.springframework.beans.factory.config.PropertyPlaceholderConfigurer]Loading properties file from class path resource [config.properties]
[ERROR][2016-08-07 22:10:52,670][com.alibaba.druid.pool.DruidAbstractDataSource]maxIdle is deprecated
[INFO][2016-08-07 22:10:52,751][com.alibaba.druid.pool.DruidDataSource]{dataSource-1} inited
[INFO][2016-08-07 22:10:53,110][org.hibernate.annotations.common.Version]HCANN000001: Hibernate Commons Annotations {4.0.4.Final}
[INFO][2016-08-07 22:10:53,115][org.hibernate.Version]HHH000412: Hibernate Core {4.3.5.Final}
[INFO][2016-08-07 22:10:53,117][org.hibernate.cfg.Environment]HHH000206: hibernate.properties not found
[INFO][2016-08-07 22:10:53,119][org.hibernate.cfg.Environment]HHH000021: Bytecode provider name : javassist
[INFO][2016-08-07 22:10:53,484][org.hibernate.dialect.Dialect]HHH000400: Using dialect: org.hibernate.dialect.MySQLDialect
[INFO][2016-08-07 22:10:53,643][org.hibernate.engine.transaction.internal.TransactionFactoryInitiator]HHH000399: Using default transaction strategy (direct JDBC transactions)
[INFO][2016-08-07 22:10:53,647][org.hibernate.hql.internal.ast.ASTQueryTranslatorFactory]HHH000397: Using ASTQueryTranslatorFactory
[INFO][2016-08-07 22:10:53,956][org.hibernate.tool.hbm2ddl.SchemaUpdate]HHH000228: Running hbm2ddl schema update
[INFO][2016-08-07 22:10:53,956][org.hibernate.tool.hbm2ddl.SchemaUpdate]HHH000102: Fetching database metadata
[INFO][2016-08-07 22:10:53,959][org.hibernate.tool.hbm2ddl.SchemaUpdate]HHH000396: Updating schema
[INFO][2016-08-07 22:10:53,975][org.hibernate.tool.hbm2ddl.TableMetadata]HHH000261: Table found: sy.tuser
[INFO][2016-08-07 22:10:53,975][org.hibernate.tool.hbm2ddl.TableMetadata]HHH000037: Columns: [id, pwd, name, modifydatetime, createdatetime]
[INFO][2016-08-07 22:10:53,975][org.hibernate.tool.hbm2ddl.TableMetadata]HHH000108: Foreign keys: []
[INFO][2016-08-07 22:10:53,976][org.hibernate.tool.hbm2ddl.TableMetadata]HHH000126: Indexes: [primary]
[INFO][2016-08-07 22:10:53,976][org.hibernate.tool.hbm2ddl.SchemaUpdate]HHH000232: Schema update complete
[INFO][2016-08-07 22:10:54,047][org.springframework.orm.hibernate4.HibernateTransactionManager]Using DataSource [{
	CreateTime:"2016-08-07 22:10:52",
	ActiveCount:0,
	PoolingCount:1,
	CreateCount:1,
	DestroyCount:0,
	CloseCount:2,
	ConnectCount:2,
	Connections:[
		{ID:566954109, ConnectTime:"2016-08-07 22:10:53", UseCount:2, LastActiveTime:"2016-08-07 22:10:53"}
	]
}] of Hibernate SessionFactory for HibernateTransactionManager
